"D:/Work/My Projects/ProjectBristol/Paper2DDemo/Paper2DDemo.uproject" 1
"../../../Engine/Plugins/2D/Paper2D/Paper2D.uplugin" 2
"../../../Engine/Plugins/Blendables/LightPropagationVolume/LightPropagationVolume.uplugin" 3
"../../../Engine/Plugins/Developer/BlankPlugin/BlankPlugin.uplugin" 4
"../../../Engine/Plugins/Developer/CodeLiteSourceCodeAccess/CodeLiteSourceCodeAccess.uplugin" 5
"../../../Engine/Plugins/Developer/GameplayDebugger/GameplayDebugger.uplugin" 6
"../../../Engine/Plugins/Developer/GitSourceControl/GitSourceControl.uplugin" 7
"../../../Engine/Plugins/Developer/KDevelopSourceCodeAccess/KDevelopSourceCodeAccess.uplugin" 8
"../../../Engine/Plugins/Developer/NullSourceCodeAccess/NullSourceCodeAccess.uplugin" 9
"../../../Engine/Plugins/Developer/OneSkyLocalizationService/OneSkyLocalizationService.uplugin" 10
"../../../Engine/Plugins/Developer/PerforceSourceControl/PerforceSourceControl.uplugin" 11
"../../../Engine/Plugins/Developer/SubversionSourceControl/SubversionSourceControl.uplugin" 12
"../../../Engine/Plugins/Developer/UObjectPlugin/UObjectPlugin.uplugin" 13
"../../../Engine/Plugins/Developer/VisualStudioSourceCodeAccess/VisualStudioSourceCodeAccess.uplugin" 14
"../../../Engine/Plugins/Developer/XCodeSourceCodeAccess/XCodeSourceCodeAccess.uplugin" 15
"../../../Engine/Plugins/Editor/EpicSurvey/EpicSurvey.uplugin" 16
"../../../Engine/Plugins/Editor/MacGraphicsSwitching/MacGraphicsSwitching.uplugin" 17
"../../../Engine/Plugins/Editor/PluginBrowser/PluginBrowser.uplugin" 18
"../../../Engine/Plugins/Editor/SpeedTreeImporter/SpeedTreeImporter.uplugin" 19
"../../../Engine/Plugins/Experimental/BlueprintStats/BlueprintStats.uplugin" 20
"../../../Engine/Plugins/Experimental/CharacterAI/CharacterAI.uplugin" 21
"../../../Engine/Plugins/Experimental/CodeEditor/CodeEditor.uplugin" 22
"../../../Engine/Plugins/Experimental/CodeView/CodeView.uplugin" 23
"../../../Engine/Plugins/Experimental/HTML5Networking/HTML5Networking.uplugin" 24
"../../../Engine/Plugins/Experimental/LiveEditor/LiveEditor.uplugin" 25
"../../../Engine/Plugins/Experimental/Phya/Phya.uplugin" 26
"../../../Engine/Plugins/Experimental/SignificanceManager/SignificanceManager.uplugin" 27
"../../../Engine/Plugins/Experimental/SimpleHMD/SimpleHMD.uplugin" 28
"../../../Engine/Plugins/Experimental/StereoPanorama/StereoPanorama.uplugin" 29
"../../../Engine/Plugins/Experimental/StructBox/StructBox.uplugin" 30
"../../../Engine/Plugins/Experimental/UnitTestFramework/UnitTestFramework.uplugin" 31
"../../../Engine/Plugins/Media/AndroidMedia/AndroidMedia.uplugin" 32
"../../../Engine/Plugins/Media/AvfMedia/AvfMedia.uplugin" 33
"../../../Engine/Plugins/Media/MediaPlayerEditor/MediaPlayerEditor.uplugin" 34
"../../../Engine/Plugins/Media/WmfMedia/WmfMedia.uplugin" 35
"../../../Engine/Plugins/Messaging/MessagingDebugger/MessagingDebugger.uplugin" 36
"../../../Engine/Plugins/Messaging/UdpMessaging/UdpMessaging.uplugin" 37
"../../../Engine/Plugins/MovieScene/LevelSequenceEditor/LevelSequenceEditor.uplugin" 38
"../../../Engine/Plugins/NetcodeUnitTest/NetcodeUnitTest/NetcodeUnitTest.uplugin" 39
"../../../Engine/Plugins/NetcodeUnitTest/NUTUnrealEngine4/NUTUnrealEngine4.uplugin" 40
"../../../Engine/Plugins/Runtime/Advertising/IOSTapJoy/IOSTapJoy.uplugin" 41
"../../../Engine/Plugins/Runtime/Analytics/AnalyticsBlueprintLibrary/AnalyticsBlueprintLibrary.uplugin" 42
"../../../Engine/Plugins/Runtime/Analytics/AnalyticsMulticast/AnalyticsMulticast.uplugin" 43
"../../../Engine/Plugins/Runtime/Analytics/Apsalar/Apsalar.uplugin" 44
"../../../Engine/Plugins/Runtime/Analytics/FileLogging/FileLogging.uplugin" 45
"../../../Engine/Plugins/Runtime/Analytics/Flurry/Flurry.uplugin" 46
"../../../Engine/Plugins/Runtime/AndroidDeviceProfileSelector/AndroidDeviceProfileSelector.uplugin" 47
"../../../Engine/Plugins/Runtime/AndroidMoviePlayer/AndroidMoviePlayer.uplugin" 48
"../../../Engine/Plugins/Runtime/AppleMoviePlayer/AppleMoviePlayer.uplugin" 49
"../../../Engine/Plugins/Runtime/ArchVisCharacter/ArchVisCharacter.uplugin" 50
"../../../Engine/Plugins/Runtime/CableComponent/CableComponent.uplugin" 51
"../../../Engine/Plugins/Runtime/CustomMeshComponent/CustomMeshComponent.uplugin" 52
"../../../Engine/Plugins/Runtime/ExampleDeviceProfileSelector/ExampleDeviceProfileSelector.uplugin" 53
"../../../Engine/Plugins/Runtime/GearVR/GearVR.uplugin" 54
"../../../Engine/Plugins/Runtime/IOSDeviceProfileSelector/IOSDeviceProfileSelector.uplugin" 55
"../../../Engine/Plugins/Runtime/LeapMotionController/LeapMotionController.uplugin" 56
"../../../Engine/Plugins/Runtime/LinuxDeviceProfileSelector/LinuxDeviceProfileSelector.uplugin" 57
"../../../Engine/Plugins/Runtime/LiveEditorListenServer/LiveEditorListenServer.uplugin" 58
"../../../Engine/Plugins/Runtime/OculusAudio/OculusAudio.uplugin" 59
"../../../Engine/Plugins/Runtime/OculusInput/OculusInput.uplugin" 60
"../../../Engine/Plugins/Runtime/OculusLibrary/OculusLibrary.uplugin" 61
"../../../Engine/Plugins/Runtime/OculusRift/OculusRift.uplugin" 62
"../../../Engine/Plugins/Runtime/PacketHandlers/CompressionComponents/Oodle/Oodle.uplugin" 63
"../../../Engine/Plugins/Runtime/ProceduralMeshComponent/ProceduralMeshComponent.uplugin" 64
"../../../Engine/Plugins/Runtime/SoundMod/SoundMod.uplugin" 65
"../../../Engine/Plugins/Runtime/SoundVisualizations/SoundVisualizations.uplugin" 66
"../../../Engine/Plugins/Runtime/Steam/SteamController/SteamController.uplugin" 67
"../../../Engine/Plugins/Runtime/Steam/SteamVR/SteamVR.uplugin" 68
"../../../Engine/Plugins/Runtime/WebBrowserWidget/WebBrowserWidget.uplugin" 69
"../../../Engine/Plugins/Runtime/WindowsDeviceProfileSelector/WindowsDeviceProfileSelector.uplugin" 70
"../../../Engine/Plugins/Runtime/WindowsMoviePlayer/WindowsMoviePlayer.uplugin" 71
"../../../Engine/Plugins/ScriptPlugin/ScriptPlugin.uplugin" 72
"../../../Engine/Plugins/Slate/SlateRemote/SlateRemote.uplugin" 73
"..\..\..\Engine\Content\Internationalization\icudt53l\cnvalias.icu" 74
"..\..\..\Engine\Content\Internationalization\icudt53l\en_US_POSIX.res" 75
"..\..\..\Engine\Content\Internationalization\icudt53l\pool.res" 76
"..\..\..\Engine\Content\Internationalization\icudt53l\en_US.res" 77
"..\..\..\Engine\Content\Internationalization\icudt53l\en.res" 78
"..\..\..\Engine\Content\Internationalization\icudt53l\root.res" 79
"..\..\..\Engine\Content\Internationalization\icudt53l\lang\en.res" 80
"..\..\..\Engine\Content\Internationalization\icudt53l\lang\pool.res" 81
"..\..\..\Engine\Content\Internationalization\icudt53l\lang\root.res" 82
"..\..\..\Engine\Content\Internationalization\icudt53l\region\en.res" 83
"..\..\..\Engine\Content\Internationalization\icudt53l\region\pool.res" 84
"..\..\..\Engine\Content\Internationalization\icudt53l\region\root.res" 85
"C:/Users/AbhishekSagi/AppData/Local/UnrealEngine/4.11/Saved/Config/Windows/Manifest.ini" 86
"../../../Engine/Config/Base.ini" 87
"../../../Engine/Config/BaseEngine.ini" 88
"D:/Work/My Projects/ProjectBristol/Paper2DDemo/Config/DefaultEngine.ini" 89
"../../../Engine/Config/Windows/WindowsEngine.ini" 90
"C:/Users/AbhishekSagi/AppData/Local/Unreal Engine/Engine/Config/UserEngine.ini" 91
"D:/Work/My Projects/ProjectBristol/Paper2DDemo/Saved/Config/Windows/Engine.ini" 92
"../../../../../../Work/My Projects/ProjectBristol/Paper2DDemo/Intermediate/Config/CoalescedSourceConfigs/Engine.ini" 93
"../../../Engine/Config/BaseGame.ini" 94
"D:/Work/My Projects/ProjectBristol/Paper2DDemo/Config/DefaultGame.ini" 95
"D:/Work/My Projects/ProjectBristol/Paper2DDemo/Saved/Config/Windows/Game.ini" 96
"../../../../../../Work/My Projects/ProjectBristol/Paper2DDemo/Intermediate/Config/CoalescedSourceConfigs/Game.ini" 97
"../../../Engine/Config/BaseInput.ini" 98
"D:/Work/My Projects/ProjectBristol/Paper2DDemo/Config/DefaultInput.ini" 99
"D:/Work/My Projects/ProjectBristol/Paper2DDemo/Saved/Config/Windows/Input.ini" 100
"../../../../../../Work/My Projects/ProjectBristol/Paper2DDemo/Intermediate/Config/CoalescedSourceConfigs/Input.ini" 101
"../../../Engine/Config/BaseEditor.ini" 102
"D:/Work/My Projects/ProjectBristol/Paper2DDemo/Config/DefaultEditor.ini" 103
"D:/Work/My Projects/ProjectBristol/Paper2DDemo/Saved/Config/Windows/Editor.ini" 104
"../../../../../../Work/My Projects/ProjectBristol/Paper2DDemo/Intermediate/Config/CoalescedSourceConfigs/Editor.ini" 105
"../../../Engine/Config/BaseEditorPerProjectUserSettings.ini" 106
"D:/Work/My Projects/ProjectBristol/Paper2DDemo/Config/DefaultEditorPerProjectUserSettings.ini" 107
"D:/Work/My Projects/ProjectBristol/Paper2DDemo/Saved/Config/Windows/EditorPerProjectUserSettings.ini" 108
"../../../../../../Work/My Projects/ProjectBristol/Paper2DDemo/Intermediate/Config/CoalescedSourceConfigs/EditorPerProjectUserSettings.ini" 109
"../../../Engine/Config/BaseEditorSettings.ini" 110
"C:/Users/AbhishekSagi/AppData/Local/UnrealEngine/4.11/Saved/Config/Windows/EditorSettings.ini" 111
"../../../../../../Work/My Projects/ProjectBristol/Paper2DDemo/Intermediate/Config/CoalescedSourceConfigs/EditorSettings.ini" 112
"../../../Engine/Config/BaseEditorLayout.ini" 113
"C:/Users/AbhishekSagi/AppData/Local/UnrealEngine/4.11/Saved/Config/Windows/EditorLayout.ini" 114
"../../../../../../Work/My Projects/ProjectBristol/Paper2DDemo/Intermediate/Config/CoalescedSourceConfigs/EditorLayout.ini" 115
"../../../Engine/Config/BaseEditorKeyBindings.ini" 116
"C:/Users/AbhishekSagi/AppData/Local/UnrealEngine/4.11/Saved/Config/Windows/EditorKeyBindings.ini" 117
"../../../../../../Work/My Projects/ProjectBristol/Paper2DDemo/Intermediate/Config/CoalescedSourceConfigs/EditorKeyBindings.ini" 118
"../../../Engine/Config/BaseCompat.ini" 119
"D:/Work/My Projects/ProjectBristol/Paper2DDemo/Saved/Config/Windows/Compat.ini" 120
"../../../../../../Work/My Projects/ProjectBristol/Paper2DDemo/Intermediate/Config/CoalescedSourceConfigs/Compat.ini" 121
"../../../Engine/Config/BaseLightmass.ini" 122
"D:/Work/My Projects/ProjectBristol/Paper2DDemo/Saved/Config/Windows/Lightmass.ini" 123
"../../../../../../Work/My Projects/ProjectBristol/Paper2DDemo/Intermediate/Config/CoalescedSourceConfigs/Lightmass.ini" 124
"../../../Engine/Config/BaseScalability.ini" 125
"D:/Work/My Projects/ProjectBristol/Paper2DDemo/Saved/Config/Windows/Scalability.ini" 126
"../../../../../../Work/My Projects/ProjectBristol/Paper2DDemo/Intermediate/Config/CoalescedSourceConfigs/Scalability.ini" 127
"D:/Work/My Projects/ProjectBristol/Paper2DDemo/Saved/Config/Windows/GameUserSettings.ini" 128
"../../../../../../Work/My Projects/ProjectBristol/Paper2DDemo/Intermediate/Config/CoalescedSourceConfigs/GameUserSettings.ini" 129
"../../../Engine/Config/BaseDeviceProfiles.ini" 130
"D:/Work/My Projects/ProjectBristol/Paper2DDemo/Saved/Config/Windows/DeviceProfiles.ini" 131
"../../../../../../Work/My Projects/ProjectBristol/Paper2DDemo/Intermediate/Config/CoalescedSourceConfigs/DeviceProfiles.ini" 132
"../../../Engine/Config/ConsoleVariables.ini" 133
"..\..\..\Engine\Content\Internationalization\icudt53l\ar.res" 134
"..\..\..\Engine\Content\Internationalization\icudt53l\lang\ar.res" 135
"..\..\..\Engine\Content\Internationalization\icudt53l\es.res" 136
"..\..\..\Engine\Content\Internationalization\icudt53l\lang\es.res" 137
"..\..\..\Engine\Content\Internationalization\icudt53l\ja.res" 138
"..\..\..\Engine\Content\Internationalization\icudt53l\lang\ja.res" 139
"..\..\..\Engine\Content\Internationalization\icudt53l\ko.res" 140
"..\..\..\Engine\Content\Internationalization\icudt53l\lang\ko.res" 141
"..\..\..\Engine\Content\Internationalization\icudt53l\pt_BR.res" 142
"..\..\..\Engine\Content\Internationalization\icudt53l\pt.res" 143
"..\..\..\Engine\Content\Internationalization\icudt53l\lang\pt.res" 144
"..\..\..\Engine\Content\Internationalization\icudt53l\region\pt.res" 145
"..\..\..\Engine\Content\Internationalization\icudt53l\zh_CN.res" 146
"..\..\..\Engine\Content\Internationalization\icudt53l\zh_Hans_CN.res" 147
"..\..\..\Engine\Content\Internationalization\icudt53l\zh_Hans.res" 148
"..\..\..\Engine\Content\Internationalization\icudt53l\zh.res" 149
"..\..\..\Engine\Content\Internationalization\icudt53l\lang\zh_CN.res" 150
"..\..\..\Engine\Content\Internationalization\icudt53l\lang\zh_Hans_CN.res" 151
"..\..\..\Engine\Content\Internationalization\icudt53l\lang\zh_Hans.res" 152
"..\..\..\Engine\Content\Internationalization\icudt53l\lang\zh.res" 153
"..\..\..\Engine\Content\Internationalization\icudt53l\region\zh_CN.res" 154
"..\..\..\Engine\Content\Internationalization\icudt53l\region\zh_Hans_CN.res" 155
"..\..\..\Engine\Content\Internationalization\icudt53l\region\zh_Hans.res" 156
"..\..\..\Engine\Content\Internationalization\icudt53l\region\zh.res" 157
"D:/Applications/Epic Games/4.11/Engine/Content/Localization/Editor/en/Editor.locres" 158
"D:/Applications/Epic Games/4.11/Engine/Content/Localization/EditorTutorials/en/EditorTutorials.locres" 159
"D:/Applications/Epic Games/4.11/Engine/Content/Localization/Keywords/en/Keywords.locres" 160
"D:/Applications/Epic Games/4.11/Engine/Content/Localization/Category/en/Category.locres" 161
"D:/Applications/Epic Games/4.11/Engine/Content/Localization/ToolTips/en/ToolTips.locres" 162
"D:/Applications/Epic Games/4.11/Engine/Content/Localization/PropertyNames/en/PropertyNames.locres" 163
"D:/Applications/Epic Games/4.11/Engine/Content/Localization/Engine/en/Engine.locres" 164
"../../../Engine/Content/Slate/Fonts/Roboto-Regular.ttf" 165
"../../../Engine/Content/Slate/Fonts/DroidSansMono.ttf" 166
"../../../Engine/Content/Slate/Fonts/Roboto-Bold.ttf" 167
"../../../Engine/Content/Slate/Fonts/Roboto-Light.ttf" 168
"D:/Applications/Epic Games/4.11/Engine/Binaries/Win64/../../../Engine/Shaders/VectorFieldVisualizationVertexFactory.usf" 169
"D:/Applications/Epic Games/4.11/Engine/Binaries/Win64/../../../Engine/Shaders/VertexFactoryCommon.usf" 170
"D:/Applications/Epic Games/4.11/Engine/Binaries/Win64/../../../Engine/Shaders/Common.usf" 171
"D:/Applications/Epic Games/4.11/Engine/Binaries/Win64/../../../Engine/Shaders/MetalCommon.usf" 172
"D:/Applications/Epic Games/4.11/Engine/Binaries/Win64/../../../Engine/Shaders/ShaderVersion.usf" 173
"D:/Applications/Epic Games/4.11/Engine/Binaries/Win64/../../../Engine/Shaders/CommonViewUniformBuffer.usf" 174
"D:/Applications/Epic Games/4.11/Engine/Binaries/Win64/../../../Engine/Shaders/InstancedStereo.usf" 175
"D:/Applications/Epic Games/4.11/Engine/Binaries/Win64/../../../Engine/Shaders/Definitions.usf" 176
"D:/Applications/Epic Games/4.11/Engine/Binaries/Win64/../../../Engine/Shaders/Random.usf" 177
"D:/Applications/Epic Games/4.11/Engine/Binaries/Win64/../../../Engine/Shaders/ParticleSpriteVertexFactory.usf" 178
"D:/Applications/Epic Games/4.11/Engine/Binaries/Win64/../../../Engine/Shaders/ParticleVertexFactoryCommon.usf" 179
"D:/Applications/Epic Games/4.11/Engine/Binaries/Win64/../../../Engine/Shaders/ParticleGPUSpriteVertexFactory.usf" 180
"D:/Applications/Epic Games/4.11/Engine/Binaries/Win64/../../../Engine/Shaders/ParticleBeamTrailVertexFactory.usf" 181
"D:/Applications/Epic Games/4.11/Engine/Binaries/Win64/../../../Engine/Shaders/MeshParticleVertexFactory.usf" 182
"D:/Applications/Epic Games/4.11/Engine/Binaries/Win64/../../../Engine/Shaders/LocalVertexFactory.usf" 183
"D:/Applications/Epic Games/4.11/Engine/Binaries/Win64/../../../Engine/Shaders/LocalVertexFactoryCommon.usf" 184
"D:/Applications/Epic Games/4.11/Engine/Binaries/Win64/../../../Engine/Shaders/GpuSkinVertexFactory.usf" 185
"D:/Applications/Epic Games/4.11/Engine/Binaries/Win64/../../../Engine/Shaders/GpuSkinCommon.usf" 186
"D:/Applications/Epic Games/4.11/Engine/Binaries/Win64/../../../Engine/Shaders/LandscapeVertexFactory.usf" 187
"D:/Applications/Epic Games/4.11/Engine/Binaries/Win64/../../../Engine/Shaders/SlateElementPixelShader.usf" 188
"D:/Applications/Epic Games/4.11/Engine/Binaries/Win64/../../../Engine/Shaders/GammaCorrectionCommon.usf" 189
"D:/Applications/Epic Games/4.11/Engine/Binaries/Win64/../../../Engine/Shaders/SlateShaderCommon.usf" 190
"D:/Applications/Epic Games/4.11/Engine/Binaries/Win64/../../../Engine/Shaders/MaterialTemplate.usf" 191
"D:/Applications/Epic Games/4.11/Engine/Binaries/Win64/../../../Engine/Shaders/DepthOfFieldCommon.usf" 192
"D:/Applications/Epic Games/4.11/Engine/Binaries/Win64/../../../Engine/Shaders/CircleDOFCommon.usf" 193
"D:/Applications/Epic Games/4.11/Engine/Binaries/Win64/../../../Engine/Shaders/GlobalDistanceFieldShared.usf" 194
"D:/Applications/Epic Games/4.11/Engine/Binaries/Win64/../../../Engine/Shaders/SpeedTreeCommon.usf" 195
"D:/Applications/Epic Games/4.11/Engine/Binaries/Win64/../../../Engine/Shaders/AtmosphereCommon.usf" 196
"D:/Applications/Epic Games/4.11/Engine/Binaries/Win64/../../../Engine/Shaders/PaniniProjection.usf" 197
"D:/Applications/Epic Games/4.11/Engine/Binaries/Win64/../../../Engine/Shaders/EyeAdaptationCommon.usf" 198
"D:/Applications/Epic Games/4.11/Engine/Binaries/Win64/../../../Engine/Shaders/PostProcessCommon.usf" 199
"D:/Applications/Epic Games/4.11/Engine/Binaries/Win64/../../../Engine/Shaders/DeferredShadingCommon.usf" 200
"D:/Applications/Epic Games/4.11/Engine/Binaries/Win64/../../../Engine/Shaders/LightAccumulator.usf" 201
"D:/Applications/Epic Games/4.11/Engine/Binaries/Win64/../../../Engine/Shaders/SlateVertexShader.usf" 202
"D:/Applications/Epic Games/4.11/Engine/Binaries/Win64/../../../Engine/Shaders/VectorFieldCompositeShaders.usf" 203
"D:/Applications/Epic Games/4.11/Engine/Binaries/Win64/../../../Engine/Shaders/UpdateTextureShaders.usf" 204
"D:/Applications/Epic Games/4.11/Engine/Binaries/Win64/../../../Engine/Shaders/SimpleElementColorChannelMaskPixelShader.usf" 205
"D:/Applications/Epic Games/4.11/Engine/Binaries/Win64/../../../Engine/Shaders/SimpleElementPixelShader.usf" 206
"D:/Applications/Epic Games/4.11/Engine/Binaries/Win64/../../../Engine/Shaders/ColorUtils.usf" 207
"D:/Applications/Epic Games/4.11/Engine/Binaries/Win64/../../../Engine/Shaders/IESLightProfilesCommon.usf" 208
"D:/Applications/Epic Games/4.11/Engine/Binaries/Win64/../../../Engine/Shaders/SimpleElementHitProxyPixelShader.usf" 209
"D:/Applications/Epic Games/4.11/Engine/Binaries/Win64/../../../Engine/Shaders/SimpleElementVertexShader.usf" 210
"D:/Applications/Epic Games/4.11/Engine/Binaries/Win64/../../../Engine/Shaders/ScreenVertexShader.usf" 211
"D:/Applications/Epic Games/4.11/Engine/Binaries/Win64/../../../Engine/Shaders/ScreenPixelShader.usf" 212
"D:/Applications/Epic Games/4.11/Engine/Binaries/Win64/../../../Engine/Shaders/ParticleSortKeyGen.usf" 213
"D:/Applications/Epic Games/4.11/Engine/Binaries/Win64/../../../Engine/Shaders/ParticleBoundsShader.usf" 214
"D:/Applications/Epic Games/4.11/Engine/Binaries/Win64/../../../Engine/Shaders/ParticleSimVisualizeShader.usf" 215
"D:/Applications/Epic Games/4.11/Engine/Binaries/Win64/../../../Engine/Shaders/ParticleInjectionShader.usf" 216
"D:/Applications/Epic Games/4.11/Engine/Binaries/Win64/../../../Engine/Shaders/ParticleSimulationShader.usf" 217
"D:/Applications/Epic Games/4.11/Engine/Binaries/Win64/../../../Engine/Shaders/ParticleCurveInjectionShader.usf" 218
"D:/Applications/Epic Games/4.11/Engine/Binaries/Win64/../../../Engine/Shaders/RadixSortShaders.usf" 219
"D:/Applications/Epic Games/4.11/Engine/Binaries/Win64/../../../Engine/Shaders/GpuSkinCacheComputeShader.usf" 220
"D:/Applications/Epic Games/4.11/Engine/Binaries/Win64/../../../Engine/Shaders/NullPixelShader.usf" 221
"D:/Applications/Epic Games/4.11/Engine/Binaries/Win64/../../../Engine/Shaders/LandscapeGrassWeight.usf" 222
"D:/Applications/Epic Games/4.11/Engine/Binaries/Win64/../../../Engine/Shaders/VertexDensityShader.usf" 223
"D:/Applications/Epic Games/4.11/Engine/Binaries/Win64/../../../Engine/Shaders/VelocityShader.usf" 224
"D:/Applications/Epic Games/4.11/Engine/Binaries/Win64/../../../Engine/Shaders/VelocityCommon.usf" 225
"D:/Applications/Epic Games/4.11/Engine/Binaries/Win64/../../../Engine/Shaders/Tessellation.usf" 226
"D:/Applications/Epic Games/4.11/Engine/Binaries/Win64/../../../Engine/Shaders/FlatTessellation.usf" 227
"D:/Applications/Epic Games/4.11/Engine/Binaries/Win64/../../../Engine/Shaders/PNTriangles.usf" 228
"D:/Applications/Epic Games/4.11/Engine/Binaries/Win64/../../../Engine/Shaders/TranslucentLightingShaders.usf" 229
"D:/Applications/Epic Games/4.11/Engine/Binaries/Win64/../../../Engine/Shaders/SHCommon.usf" 230
"D:/Applications/Epic Games/4.11/Engine/Binaries/Win64/../../../Engine/Shaders/ShadowProjectionCommon.usf" 231
"D:/Applications/Epic Games/4.11/Engine/Binaries/Win64/../../../Engine/Shaders/CubemapCommon.usf" 232
"D:/Applications/Epic Games/4.11/Engine/Binaries/Win64/../../../Engine/Shaders/TranslucentLightInjectionShaders.usf" 233
"D:/Applications/Epic Games/4.11/Engine/Binaries/Win64/../../../Engine/Shaders/DynamicLightingCommon.usf" 234
"D:/Applications/Epic Games/4.11/Engine/Binaries/Win64/../../../Engine/Shaders/LightFunctionCommon.usf" 235
"D:/Applications/Epic Games/4.11/Engine/Binaries/Win64/../../../Engine/Shaders/TranslucentShadowDepthShaders.usf" 236
"D:/Applications/Epic Games/4.11/Engine/Binaries/Win64/../../../Engine/Shaders/ShadowDepthCommon.usf" 237
"D:/Applications/Epic Games/4.11/Engine/Binaries/Win64/../../../Engine/Shaders/TiledDeferredLightShaders.usf" 238
"D:/Applications/Epic Games/4.11/Engine/Binaries/Win64/../../../Engine/Shaders/DeferredLightingCommon.usf" 239
"D:/Applications/Epic Games/4.11/Engine/Binaries/Win64/../../../Engine/Shaders/BRDF.usf" 240
"D:/Applications/Epic Games/4.11/Engine/Binaries/Win64/../../../Engine/Shaders/MonteCarlo.usf" 241
"D:/Applications/Epic Games/4.11/Engine/Binaries/Win64/../../../Engine/Shaders/ShadingModels.usf" 242
"D:/Applications/Epic Games/4.11/Engine/Binaries/Win64/../../../Engine/Shaders/SurfelTree.usf" 243
"D:/Applications/Epic Games/4.11/Engine/Binaries/Win64/../../../Engine/Shaders/DistanceFieldLightingShared.usf" 244
"D:/Applications/Epic Games/4.11/Engine/Binaries/Win64/../../../Engine/Shaders/SurfelMaterialShared.usf" 245
"D:/Applications/Epic Games/4.11/Engine/Binaries/Win64/../../../Engine/Shaders/DistanceFieldAOShared.usf" 246
"D:/Applications/Epic Games/4.11/Engine/Binaries/Win64/../../../Engine/Shaders/ShadowProjectionPixelShader.usf" 247
"D:/Applications/Epic Games/4.11/Engine/Binaries/Win64/../../../Engine/Shaders/ShadowFilteringCommon.usf" 248
"D:/Applications/Epic Games/4.11/Engine/Binaries/Win64/../../../Engine/Shaders/ShadowProjectionVertexShader.usf" 249
"D:/Applications/Epic Games/4.11/Engine/Binaries/Win64/../../../Engine/Shaders/ShadowDepthPixelShader.usf" 250
"D:/Applications/Epic Games/4.11/Engine/Binaries/Win64/../../../Engine/Shaders/LPVWriteVplCommon.usf" 251
"D:/Applications/Epic Games/4.11/Engine/Binaries/Win64/../../../Engine/Shaders/LPVWriteCommon.usf" 252
"D:/Applications/Epic Games/4.11/Engine/Binaries/Win64/../../../Engine/Shaders/LPVCommon.usf" 253
"D:/Applications/Epic Games/4.11/Engine/Binaries/Win64/../../../Engine/Shaders/ShadowDepthVertexShader.usf" 254
"D:/Applications/Epic Games/4.11/Engine/Binaries/Win64/../../../Engine/Shaders/QuadComplexityAccumulatePixelShader.usf" 255
"D:/Applications/Epic Games/4.11/Engine/Binaries/Win64/../../../Engine/Shaders/QuadOverdraw.usf" 256
"D:/Applications/Epic Games/4.11/Engine/Binaries/Win64/../../../Engine/Shaders/ShaderComplexityAccumulatePixelShader.usf" 257
"D:/Applications/Epic Games/4.11/Engine/Binaries/Win64/../../../Engine/Shaders/QuadOverdrawVertexShader.usf" 258
"D:/Applications/Epic Games/4.11/Engine/Binaries/Win64/../../../Engine/Shaders/HZBOcclusion.usf" 259
"D:/Applications/Epic Games/4.11/Engine/Binaries/Win64/../../../Engine/Shaders/OcclusionQueryVertexShader.usf" 260
"D:/Applications/Epic Games/4.11/Engine/Binaries/Win64/../../../Engine/Shaders/HitProxyPixelShader.usf" 261
"D:/Applications/Epic Games/4.11/Engine/Binaries/Win64/../../../Engine/Shaders/HitProxyVertexShader.usf" 262
"D:/Applications/Epic Games/4.11/Engine/Binaries/Win64/../../../Engine/Shaders/ReflectionEnvironmentShaders.usf" 263
"D:/Applications/Epic Games/4.11/Engine/Binaries/Win64/../../../Engine/Shaders/ReflectionEnvironmentShared.usf" 264
"D:/Applications/Epic Games/4.11/Engine/Binaries/Win64/../../../Engine/Shaders/SkyLightingShared.usf" 265
"D:/Applications/Epic Games/4.11/Engine/Binaries/Win64/../../../Engine/Shaders/ReflectionEnvironmentComputeShaders.usf" 266
"D:/Applications/Epic Games/4.11/Engine/Binaries/Win64/../../../Engine/Shaders/PreCullTriangles.usf" 267
"D:/Applications/Epic Games/4.11/Engine/Binaries/Win64/../../../Engine/Shaders/VisualizeTexture.usf" 268
"D:/Applications/Epic Games/4.11/Engine/Binaries/Win64/../../../Engine/Shaders/ScreenSpaceReflections.usf" 269
"D:/Applications/Epic Games/4.11/Engine/Binaries/Win64/../../../Engine/Shaders/ScreenSpaceRayCast.usf" 270
"D:/Applications/Epic Games/4.11/Engine/Binaries/Win64/../../../Engine/Shaders/FilterVertexShader.usf" 271
"D:/Applications/Epic Games/4.11/Engine/Binaries/Win64/../../../Engine/Shaders/FilterPixelShader.usf" 272
"D:/Applications/Epic Games/4.11/Engine/Binaries/Win64/../../../Engine/Shaders/PostProcessVisualizeHDR.usf" 273
"D:/Applications/Epic Games/4.11/Engine/Binaries/Win64/../../../Engine/Shaders/PostProcessHistogramCommon.usf" 274
"D:/Applications/Epic Games/4.11/Engine/Binaries/Win64/../../../Engine/Shaders/TonemapCommon.usf" 275
"D:/Applications/Epic Games/4.11/Engine/Binaries/Win64/../../../Engine/Shaders/ACES.usf" 276
"D:/Applications/Epic Games/4.11/Engine/Binaries/Win64/../../../Engine/Shaders/MiniFontCommon.usf" 277
"D:/Applications/Epic Games/4.11/Engine/Binaries/Win64/../../../Engine/Shaders/ShaderComplexityApplyPixelShader.usf" 278
"D:/Applications/Epic Games/4.11/Engine/Binaries/Win64/../../../Engine/Shaders/PostProcessVisualizeBuffer.usf" 279
"D:/Applications/Epic Games/4.11/Engine/Binaries/Win64/../../../Engine/Shaders/PostProcessUpscale.usf" 280
"D:/Applications/Epic Games/4.11/Engine/Binaries/Win64/../../../Engine/Shaders/PostProcessTonemap.usf" 281
"D:/Applications/Epic Games/4.11/Engine/Binaries/Win64/../../../Engine/Shaders/PostProcessTestImage.usf" 282
"D:/Applications/Epic Games/4.11/Engine/Binaries/Win64/../../../Engine/Shaders/PostProcessTemporalAA.usf" 283
"D:/Applications/Epic Games/4.11/Engine/Binaries/Win64/../../../Engine/Shaders/PostProcessTemporalCommon.usf" 284
"D:/Applications/Epic Games/4.11/Engine/Binaries/Win64/../../../Engine/Shaders/PostProcessSubsurface.usf" 285
"D:/Applications/Epic Games/4.11/Engine/Binaries/Win64/../../../Engine/Shaders/SeparableSSS.usf" 286
"D:/Applications/Epic Games/4.11/Engine/Binaries/Win64/../../../Engine/Shaders/PostProcessSelectionOutline.usf" 287
"D:/Applications/Epic Games/4.11/Engine/Binaries/Win64/../../../Engine/Shaders/PostProcessNoiseBlur.usf" 288
"D:/Applications/Epic Games/4.11/Engine/Binaries/Win64/../../../Engine/Shaders/PostProcessMotionBlur.usf" 289
"D:/Applications/Epic Games/4.11/Engine/Binaries/Win64/../../../Engine/Shaders/FastMath.usf" 290
"D:/Applications/Epic Games/4.11/Engine/Binaries/Win64/../../../Engine/Shaders/PostProcessVelocityFlatten.usf" 291
"D:/Applications/Epic Games/4.11/Engine/Binaries/Win64/../../../Engine/Shaders/PostProcessMobile.usf" 292
"D:/Applications/Epic Games/4.11/Engine/Binaries/Win64/../../../Engine/Shaders/PostProcessMaterialShaders.usf" 293
"D:/Applications/Epic Games/4.11/Engine/Binaries/Win64/../../../Engine/Shaders/PostProcessLensFlares.usf" 294
"D:/Applications/Epic Games/4.11/Engine/Binaries/Win64/../../../Engine/Shaders/PostProcessLensBlur.usf" 295
"D:/Applications/Epic Games/4.11/Engine/Binaries/Win64/../../../Engine/Shaders/PostProcessBloom.usf" 296
"D:/Applications/Epic Games/4.11/Engine/Binaries/Win64/../../../Engine/Shaders/PostProcessHMD.usf" 297
"D:/Applications/Epic Games/4.11/Engine/Binaries/Win64/../../../Engine/Shaders/PostProcessHistogramReduce.usf" 298
"D:/Applications/Epic Games/4.11/Engine/Binaries/Win64/../../../Engine/Shaders/PostProcessHistogram.usf" 299
"D:/Applications/Epic Games/4.11/Engine/Binaries/Win64/../../../Engine/Shaders/PostProcessHierarchical.usf" 300
"D:/Applications/Epic Games/4.11/Engine/Binaries/Win64/../../../Engine/Shaders/PostProcessGBufferHints.usf" 301
"D:/Applications/Epic Games/4.11/Engine/Binaries/Win64/../../../Engine/Shaders/PostProcessEyeAdaptation.usf" 302
"D:/Applications/Epic Games/4.11/Engine/Binaries/Win64/../../../Engine/Shaders/PostProcessDownsample.usf" 303
"D:/Applications/Epic Games/4.11/Engine/Binaries/Win64/../../../Engine/Shaders/PostProcessDOF.usf" 304
"D:/Applications/Epic Games/4.11/Engine/Binaries/Win64/../../../Engine/Shaders/PostProcessCompositeEditorPrimitives.usf" 305
"D:/Applications/Epic Games/4.11/Engine/Binaries/Win64/../../../Engine/Shaders/PostProcessCombineLUTs.usf" 306
"D:/Applications/Epic Games/4.11/Engine/Binaries/Win64/../../../Engine/Shaders/PostProcessCircleDOF.usf" 307
"D:/Applications/Epic Games/4.11/Engine/Binaries/Win64/../../../Engine/Shaders/PostProcessBusyWait.usf" 308
"D:/Applications/Epic Games/4.11/Engine/Binaries/Win64/../../../Engine/Shaders/PostProcessBokehDOF.usf" 309
"D:/Applications/Epic Games/4.11/Engine/Binaries/Win64/../../../Engine/Shaders/PostProcessVisualizeDOF.usf" 310
"D:/Applications/Epic Games/4.11/Engine/Binaries/Win64/../../../Engine/Shaders/FXAAShader.usf" 311
"D:/Applications/Epic Games/4.11/Engine/Binaries/Win64/../../../Engine/Shaders/Fxaa3_11.usf" 312
"D:/Applications/Epic Games/4.11/Engine/Binaries/Win64/../../../Engine/Shaders/LightShaftShader.usf" 313
"D:/Applications/Epic Games/4.11/Engine/Binaries/Win64/../../../Engine/Shaders/StationaryLightOverlapShaders.usf" 314
"D:/Applications/Epic Games/4.11/Engine/Binaries/Win64/../../../Engine/Shaders/DeferredLightPixelShaders.usf" 315
"D:/Applications/Epic Games/4.11/Engine/Binaries/Win64/../../../Engine/Shaders/DeferredLightVertexShaders.usf" 316
"D:/Applications/Epic Games/4.11/Engine/Binaries/Win64/../../../Engine/Shaders/LPVVisualise.usf" 317
"D:/Applications/Epic Games/4.11/Engine/Binaries/Win64/../../../Engine/Shaders/LPVGeometryVolumeCommon.usf" 318
"D:/Applications/Epic Games/4.11/Engine/Binaries/Win64/../../../Engine/Shaders/LPVDirectLightInject.usf" 319
"D:/Applications/Epic Games/4.11/Engine/Binaries/Win64/../../../Engine/Shaders/LPVPropagate.usf" 320
"D:/Applications/Epic Games/4.11/Engine/Binaries/Win64/../../../Engine/Shaders/LPVPacking.usf" 321
"D:/Applications/Epic Games/4.11/Engine/Binaries/Win64/../../../Engine/Shaders/LPVBuildGeometryVolume.usf" 322
"D:/Applications/Epic Games/4.11/Engine/Binaries/Win64/../../../Engine/Shaders/LpvDirectionalOcclusion.usf" 323
"D:/Applications/Epic Games/4.11/Engine/Binaries/Win64/../../../Engine/Shaders/LPVInject_AccumulateVplLists.usf" 324
"D:/Applications/Epic Games/4.11/Engine/Binaries/Win64/../../../Engine/Shaders/LPVInject_GenerateVplLists.usf" 325
"D:/Applications/Epic Games/4.11/Engine/Binaries/Win64/../../../Engine/Shaders/LPVClearLists.usf" 326
"D:/Applications/Epic Games/4.11/Engine/Binaries/Win64/../../../Engine/Shaders/LPVClear.usf" 327
"D:/Applications/Epic Games/4.11/Engine/Binaries/Win64/../../../Engine/Shaders/LightMapDensityShader.usf" 328
"D:/Applications/Epic Games/4.11/Engine/Binaries/Win64/../../../Engine/Shaders/LightFunctionPixelShader.usf" 329
"D:/Applications/Epic Games/4.11/Engine/Binaries/Win64/../../../Engine/Shaders/LightFunctionVertexShader.usf" 330
"D:/Applications/Epic Games/4.11/Engine/Binaries/Win64/../../../Engine/Shaders/HeightfieldLighting.usf" 331
"D:/Applications/Epic Games/4.11/Engine/Binaries/Win64/../../../Engine/Shaders/DistanceFieldShadowingShared.usf" 332
"D:/Applications/Epic Games/4.11/Engine/Binaries/Win64/../../../Engine/Shaders/HdrCustomResolveShaders.usf" 333
"D:/Applications/Epic Games/4.11/Engine/Binaries/Win64/../../../Engine/Shaders/GPUBenchmark.usf" 334
"D:/Applications/Epic Games/4.11/Engine/Binaries/Win64/../../../Engine/Shaders/GlobalDistanceField.usf" 335
"D:/Applications/Epic Games/4.11/Engine/Binaries/Win64/../../../Engine/Shaders/GammaCorrection.usf" 336
"D:/Applications/Epic Games/4.11/Engine/Binaries/Win64/../../../Engine/Shaders/BasePassForForwardShadingPixelShader.usf" 337
"D:/Applications/Epic Games/4.11/Engine/Binaries/Win64/../../../Engine/Shaders/BasePassForForwardShadingCommon.usf" 338
"D:/Applications/Epic Games/4.11/Engine/Binaries/Win64/../../../Engine/Shaders/LightmapCommon.usf" 339
"D:/Applications/Epic Games/4.11/Engine/Binaries/Win64/../../../Engine/Shaders/BasePassForForwardShadingVertexShader.usf" 340
"D:/Applications/Epic Games/4.11/Engine/Binaries/Win64/../../../Engine/Shaders/HeightFogCommon.usf" 341
"D:/Applications/Epic Games/4.11/Engine/Binaries/Win64/../../../Engine/Shaders/HeightFogPixelShader.usf" 342
"D:/Applications/Epic Games/4.11/Engine/Binaries/Win64/../../../Engine/Shaders/HeightFogVertexShader.usf" 343
"D:/Applications/Epic Games/4.11/Engine/Binaries/Win64/../../../Engine/Shaders/DistortAccumulatePS.usf" 344
"D:/Applications/Epic Games/4.11/Engine/Binaries/Win64/../../../Engine/Shaders/DistortAccumulateVS.usf" 345
"D:/Applications/Epic Games/4.11/Engine/Binaries/Win64/../../../Engine/Shaders/DistortApplyScreenPS.usf" 346
"D:/Applications/Epic Games/4.11/Engine/Binaries/Win64/../../../Engine/Shaders/DistanceFieldSurfaceCacheLighting.usf" 347
"D:/Applications/Epic Games/4.11/Engine/Binaries/Win64/../../../Engine/Shaders/SkyLighting.usf" 348
"D:/Applications/Epic Games/4.11/Engine/Binaries/Win64/../../../Engine/Shaders/DistanceFieldSurfaceCacheLightingCompute.usf" 349
"D:/Applications/Epic Games/4.11/Engine/Binaries/Win64/../../../Engine/Shaders/DistanceFieldShadowing.usf" 350
"D:/Applications/Epic Games/4.11/Engine/Binaries/Win64/../../../Engine/Shaders/DistanceFieldScreenGridLighting.usf" 351
"D:/Applications/Epic Games/4.11/Engine/Binaries/Win64/../../../Engine/Shaders/DistanceFieldLightingPost.usf" 352
"D:/Applications/Epic Games/4.11/Engine/Binaries/Win64/../../../Engine/Shaders/DistanceFieldGlobalIllumination.usf" 353
"D:/Applications/Epic Games/4.11/Engine/Binaries/Win64/../../../Engine/Shaders/DepthOnlyPixelShader.usf" 354
"D:/Applications/Epic Games/4.11/Engine/Binaries/Win64/../../../Engine/Shaders/DepthOnlyVertexShader.usf" 355
"D:/Applications/Epic Games/4.11/Engine/Binaries/Win64/../../../Engine/Shaders/PositionOnlyDepthVertexShader.usf" 356
"D:/Applications/Epic Games/4.11/Engine/Binaries/Win64/../../../Engine/Shaders/DownsampleDepthPixelShader.usf" 357
"D:/Applications/Epic Games/4.11/Engine/Binaries/Win64/../../../Engine/Shaders/DitheredTransitionStencil.usf" 358
"D:/Applications/Epic Games/4.11/Engine/Binaries/Win64/../../../Engine/Shaders/DeferredDecal.usf" 359
"D:/Applications/Epic Games/4.11/Engine/Binaries/Win64/../../../Engine/Shaders/EvaluateSurfelMaterial.usf" 360
"D:/Applications/Epic Games/4.11/Engine/Binaries/Win64/../../../Engine/Shaders/ConvertToUniformMesh.usf" 361
"D:/Applications/Epic Games/4.11/Engine/Binaries/Win64/../../../Engine/Shaders/PostProcessPassThrough.usf" 362
"D:/Applications/Epic Games/4.11/Engine/Binaries/Win64/../../../Engine/Shaders/PostProcessLpvIndirect.usf" 363
"D:/Applications/Epic Games/4.11/Engine/Binaries/Win64/../../../Engine/Shaders/LPVFinalPass.usf" 364
"D:/Applications/Epic Games/4.11/Engine/Binaries/Win64/../../../Engine/Shaders/PostProcessAmbientOcclusion.usf" 365
"D:/Applications/Epic Games/4.11/Engine/Binaries/Win64/../../../Engine/Shaders/PostProcessAmbient.usf" 366
"D:/Applications/Epic Games/4.11/Engine/Binaries/Win64/../../../Engine/Shaders/CapsuleShadowShaders.usf" 367
"D:/Applications/Epic Games/4.11/Engine/Binaries/Win64/../../../Engine/Shaders/BasePassPixelShader.usf" 368
"D:/Applications/Epic Games/4.11/Engine/Binaries/Win64/../../../Engine/Shaders/BasePassCommon.usf" 369
"D:/Applications/Epic Games/4.11/Engine/Binaries/Win64/../../../Engine/Shaders/ForEachLight.usf" 370
"D:/Applications/Epic Games/4.11/Engine/Binaries/Win64/../../../Engine/Shaders/BasePassVertexShader.usf" 371
"D:/Applications/Epic Games/4.11/Engine/Binaries/Win64/../../../Engine/Shaders/BasePassVertexCommon.usf" 372
"D:/Applications/Epic Games/4.11/Engine/Binaries/Win64/../../../Engine/Shaders/BasePassTessellationShaders.usf" 373
"D:/Applications/Epic Games/4.11/Engine/Binaries/Win64/../../../Engine/Shaders/AtmospherePrecomputeInscatter.usf" 374
"D:/Applications/Epic Games/4.11/Engine/Binaries/Win64/../../../Engine/Shaders/AtmospherePrecomputeCommon.usf" 375
"D:/Applications/Epic Games/4.11/Engine/Binaries/Win64/../../../Engine/Shaders/AtmospherePrecompute.usf" 376
"D:/Applications/Epic Games/4.11/Engine/Binaries/Win64/../../../Engine/Shaders/AtmosphericFogShader.usf" 377
"D:/Applications/Epic Games/4.11/Engine/Binaries/Win64/../../../Engine/Shaders/ResolveVertexShader.usf" 378
"D:/Applications/Epic Games/4.11/Engine/Binaries/Win64/../../../Engine/Shaders/ResolvePixelShader.usf" 379
"D:/Applications/Epic Games/4.11/Engine/Binaries/Win64/../../../Engine/Shaders/OneColorShader.usf" 380
"D:/Applications/Epic Games/4.11/Engine/Binaries/Win64/../../../Engine/Shaders/MediaShaders.usf" 381
"D:/Applications/Epic Games/4.11/Engine/Binaries/Win64/../../../Engine/Shaders/ClearReplacementShaders.usf" 382
"D:/Applications/Epic Games/4.11/Engine/Binaries/Win64/../../../Engine/Shaders/SimpleElementTexture2DPreviewPixelShader.usf" 383
"D:/Applications/Epic Games/4.11/Engine/Binaries/Win64/../../../Engine/Shaders/SimpleElementNormalMapPixelShader.usf" 384
"D:/Applications/Epic Games/4.11/Engine/Binaries/Win64/../../../Engine/Shaders/meshpaintdilatepixelshader.usf" 385
"D:/Applications/Epic Games/4.11/Engine/Binaries/Win64/../../../Engine/Shaders/meshpaintdilatevertexshader.usf" 386
"D:/Applications/Epic Games/4.11/Engine/Binaries/Win64/../../../Engine/Shaders/MeshPaintPixelShader.usf" 387
"D:/Applications/Epic Games/4.11/Engine/Binaries/Win64/../../../Engine/Shaders/MeshPaintVertexShader.usf" 388
"C:/Users/AbhishekSagi/AppData/Local/UnrealEngine/4.11/DerivedDataCache/Boot.ddc" 389
"../../../Engine/DerivedDataCache/Compressed.ddp" 390
"../../../Engine/Content/EditorResources/S_Actor.uasset" 391
"../../../Engine/Config/Android/AndroidEngine.ini" 392
"../../../Engine/Config/IOS/IOSEngine.ini" 393
"../../../Engine/Config/Linux/LinuxEngine.ini" 394
"D:/Work/My Projects/ProjectBristol/Paper2DDemo/Saved/Config/Windows/GameplayTags.ini" 395
"../../../../../../Work/My Projects/ProjectBristol/Paper2DDemo/Intermediate/Config/CoalescedSourceConfigs/GameplayTags.ini" 396
"D:/Work/My Projects/ProjectBristol/Paper2DDemo/Saved/Config/Windows/TemplateDefs.ini" 397
"../../../../../../Work/My Projects/ProjectBristol/Paper2DDemo/Intermediate/Config/CoalescedSourceConfigs/TemplateDefs.ini" 398
"../../../Engine/Content/EngineFonts/Roboto.uasset" 399
"../../../Engine/Content/EngineMaterials/Widget3DPassThrough_Translucent.uasset" 400
"../../../Engine/Content/EngineMaterials/Widget3DPassThrough.uasset" 401
"../../../Engine/Content/Functions/Engine_MaterialFunctions01/Texturing/ScaleUVsByCenter.uasset" 402
"../../../Engine/Content/Functions/Engine_MaterialFunctions02/Utility/BreakOutFloat2Components.uasset" 403
"../../../Engine/Content/Functions/Engine_MaterialFunctions02/ScreenResolution.uasset" 404
"../../../Engine/Content/Functions/Engine_MaterialFunctions02/Texturing/ScreenAlignedUVs.uasset" 405
"../../../Engine/Content/EngineResources/WhiteSquareTexture.uasset" 406
"../../../Engine/Content/Functions/Engine_MaterialFunctions01/Shading/PowerToRoughness.uasset" 407
"../../../Engine/Content/Functions/Engine_MaterialFunctions01/Shading/ConvertFromDiffSpec.uasset" 408
"../../../Engine/Content/EngineMaterials/WorldGridMaterial.uasset" 409
"../../../Engine/Content/Functions/Engine_MaterialFunctions01/Opacity/CameraDepthFade.uasset" 410
"../../../Engine/Content/EngineMaterials/T_Default_Material_Grid_M.uasset" 411
"../../../Engine/Content/EngineMaterials/T_Default_Material_Grid_N.uasset" 412
"../../../Engine/Content/EngineMaterials/DefaultDeferredDecalMaterial.uasset" 413
"../../../Engine/Content/EngineMaterials/DefaultDiffuse.uasset" 414
"../../../Engine/Content/EngineMaterials/DefaultLightFunctionMaterial.uasset" 415
"../../../Engine/Content/EngineMaterials/DefaultPostProcessMaterial.uasset" 416
"../../../Engine/Content/EngineResources/DefaultTexture.uasset" 417
"C:/Users/AbhishekSagi/AppData/Local/UnrealEngine/Common/DerivedDataCache/6/9/4/MATSM_4F0644619F9C48FF91E0D494C95EB050_GLSL_ES2_WEBGL_3900__BC5N_DEV_SL_NODBUF__479567480880EBCFF3D2AB4CEA245721A13F5E5C.udd" 418
"C:/Users/AbhishekSagi/AppData/Local/UnrealEngine/Common/DerivedDataCache/8/4/5/MATSM_4F0644619F9C48FF91E0D494C95EB050_GLSL_ES2_WEBGL_3900__BC5N_DEV_SL_NODBUF__2763B53666639DBF9007EFD5C3227E11914F815D.udd" 419
"C:/Users/AbhishekSagi/AppData/Local/UnrealEngine/Common/DerivedDataCache/2/9/0/MATSM_4F0644619F9C48FF91E0D494C95EB050_GLSL_ES2_WEBGL_3900__BC5N_DEV_SL_NODBUF__31039A1A4192EACBB844AD26DB4DE7955845A555.udd" 420
"C:/Users/AbhishekSagi/AppData/Local/UnrealEngine/Common/DerivedDataCache/3/3/4/MATSM_4F0644619F9C48FF91E0D494C95EB050_GLSL_ES2_WEBGL_3900__BC5N_DEV_SL_NODBUF__B02ECC45CAB6FDAA8CC6ECFE5537C4570CF74704.udd" 421
"C:/Users/AbhishekSagi/AppData/Local/UnrealEngine/Common/DerivedDataCache/0/4/9/MATSM_4F0644619F9C48FF91E0D494C95EB050_GLSL_ES2_WEBGL_3900__BC5N_DEV_SL_NODBUF__8803AAB4ADED92716DF87B9ADD78FB1FC2BE2A6C.udd" 422
"../../../Engine/Content/EngineMaterials/Widget3DPassThrough_Translucent_OneSided.uasset" 423
"C:/Users/AbhishekSagi/AppData/Local/UnrealEngine/Common/DerivedDataCache/1/3/5/MATSM_4F0644619F9C48FF91E0D494C95EB050_GLSL_ES2_WEBGL_3900__BC5N_DEV_SL_NODBUF__5208A9220F0928E8B11D3401D34CC447C830CE4C.udd" 424
"../../../Engine/Content/EngineMaterials/Widget3DPassThrough_Opaque.uasset" 425
"C:/Users/AbhishekSagi/AppData/Local/UnrealEngine/Common/DerivedDataCache/0/1/0/MATSM_4F0644619F9C48FF91E0D494C95EB050_GLSL_ES2_WEBGL_3900__BC5N_DEV_SL_NODBUF__AAAF1DDA45D7EE30A2A1EB54E24AA15C65391286.udd" 426
"../../../Engine/Content/EngineMaterials/Widget3DPassThrough_Opaque_OneSided.uasset" 427
"C:/Users/AbhishekSagi/AppData/Local/UnrealEngine/Common/DerivedDataCache/9/4/7/MATSM_4F0644619F9C48FF91E0D494C95EB050_GLSL_ES2_WEBGL_3900__BC5N_DEV_SL_NODBUF__499AB52A662E9014848D56E7C5080E804C2B7123.udd" 428
"../../../Engine/Content/EngineMaterials/Widget3DPassThrough_Masked.uasset" 429
"C:/Users/AbhishekSagi/AppData/Local/UnrealEngine/Common/DerivedDataCache/9/8/2/MATSM_4F0644619F9C48FF91E0D494C95EB050_GLSL_ES2_WEBGL_3900__BC5N_DEV_SL_NODBUF__2D55BD4D578B047A4CEDEB2D825CD2DF4121A9CE.udd" 430
"../../../Engine/Content/EngineMaterials/Widget3DPassThrough_Masked_OneSided.uasset" 431
"C:/Users/AbhishekSagi/AppData/Local/UnrealEngine/Common/DerivedDataCache/2/2/4/MATSM_4F0644619F9C48FF91E0D494C95EB050_GLSL_ES2_WEBGL_3900__BC5N_DEV_SL_NODBUF__FE388EED5DCAD8DBD0D0F71C01EAACF72A48E986.udd" 432
"../../../Engine/Content/Maps/Templates/Thumbnails/Default.uasset" 433
"../../../Engine/Content/EditorMaterials/ParticleSystems/PSysThumbnail_NoImage.uasset" 434
"../../../Engine/Content/EditorMaterials/ParticleSystems/PSysThumbnail_OOD.uasset" 435
"../../../Engine/Content/EditorLandscapeResources/DataLayer.uasset" 436
"../../../Engine/Content/EngineDamageTypes/DmgTypeBP_Environmental.uasset" 437
"..\..\..\Engine\Content\Internationalization\icudt53l\numberingSystems.res" 438
"..\..\..\Engine\Content\Internationalization\icudt53l\curr\supplementalData.res" 439
"..\..\..\Engine\Content\Internationalization\icudt53l\curr\pool.res" 440
"..\..\..\Engine\Content\Internationalization\icudt53l\curr\en.res" 441
"..\..\..\Engine\Content\Internationalization\icudt53l\curr\root.res" 442
"../../../Engine/Content/EngineMeshes/Sphere.uasset" 443
"../../../Engine/Content/EngineFonts/RobotoDistanceField.uasset" 444
"../../../Engine/Content/EngineMaterials/DefaultTextMaterialOpaque.uasset" 445
"C:/Users/AbhishekSagi/AppData/Local/UnrealEngine/Common/DerivedDataCache/8/0/6/MATSM_4F0644619F9C48FF91E0D494C95EB050_GLSL_ES2_WEBGL_3900__BC5N_DEV_SL_NODBUF__8436CE2D71B9FD2DE225C84B87929613B0DEA2C5.udd" 446
"../../../Engine/Content/EditorResources/S_Trigger.uasset" 447
"../../../Engine/Content/EngineResources/GradientTexture0.uasset" 448
"../../../Engine/Content/EngineResources/Black.uasset" 449
"../../../Engine/Content/EditorMaterials/MatineeGroups/MAT_Groups_Float.uasset" 450
"../../../Engine/Content/EditorMaterials/MatineeGroups/MAT_Groups_Director.uasset" 451
"../../../Engine/Content/EditorMaterials/MatineeGroups/MAT_Groups_Event.uasset" 452
"../../../Engine/Content/EditorMaterials/MatineeGroups/MAT_Groups_Anim.uasset" 453
"../../../Engine/Content/EditorMaterials/MatineeGroups/MAT_Groups_Fade.uasset" 454
"../../../Engine/Content/EditorMaterials/MatineeGroups/MAT_Groups_Move.uasset" 455
"../../../Engine/Content/EditorMaterials/MatineeGroups/MAT_Groups_Slomo.uasset" 456
"../../../Engine/Content/EditorMaterials/MatineeGroups/MAT_ColorTrack.uasset" 457
"../../../Engine/Content/EditorMaterials/MAT_Groups_Toggle.uasset" 458
"../../../Engine/Content/EditorMaterials/MatineeGroups/MAT_Groups_AudioMaster.uasset" 459
"../../../Engine/Content/EditorMaterials/MatineeGroups/MAT_Groups_Sound.uasset" 460
"../../../Engine/Content/EditorMaterials/MatineeGroups/MAT_Groups_Vector.uasset" 461
"../../../Engine/Content/EditorMaterials/MAT_Groups_Visibility.uasset" 462
"../../../Engine/Content/EngineResources/DefaultTextureCube.uasset" 463
"../../../Engine/Content/EngineSounds/Master.uasset" 464
"../../../Engine/Content/EngineSounds/Music.uasset" 465
"../../../Engine/Content/EngineSounds/SFX.uasset" 466
"../../../Engine/Content/EngineSounds/Voice.uasset" 467
"../../../Engine/Content/EngineSounds/Normal_Attack.uasset" 468
"../../../Engine/Content/EngineSounds/Special_Attack_PSM.uasset" 469
"../../../Engine/Content/EngineSounds/Duck_Normal_Attack_MixMod.uasset" 470
"../../../Engine/Content/EngineMeshes/Cylinder.uasset" 471
"../../../Engine/Content/EngineMaterials/DefaultMaterial.uasset" 472
"C:/Users/AbhishekSagi/AppData/Local/UnrealEngine/Common/DerivedDataCache/2/5/2/MATSM_4F0644619F9C48FF91E0D494C95EB050_GLSL_ES2_WEBGL_3900__BC5N_DEV_SL_NODBUF__97847032FC7174FB37FC752032875F399E2C0B0C.udd" 473
"../../../Engine/Content/EngineTireTypes/DefaultTireType.uasset" 474
"../../../Engine/Content/Editor/Slate/Fonts/FontAwesome.ttf" 475
"../../../Engine/Content/Editor/Slate/Fonts/DroidSansMono.ttf" 476
"../../../Engine/Content/Editor/Slate/Fonts/Roboto-BoldCondensed.ttf" 477
"../../../Engine/Content/Editor/Slate/Fonts/Roboto-Black.ttf" 478
"../../../Engine/Content/Editor/Slate/Fonts/Roboto-Italic.ttf" 479
"../../../Engine/Content/Editor/Slate/Fonts/Roboto-BoldCondensedItalic.ttf" 480
"..\..\..\Engine\Content\Internationalization\icudt53l\coll\ucadata.icu" 481
"..\..\..\Engine\Content\Internationalization\icudt53l\nfc.nrm" 482
"..\..\..\Engine\Content\Internationalization\icudt53l\coll\en_US.res" 483
"..\..\..\Engine\Content\Internationalization\icudt53l\coll\en.res" 484
"..\..\..\Engine\Content\Internationalization\icudt53l\coll\root.res" 485
"../../../Engine/Content/Tutorial/Basics/LevelEditorAttract.uasset" 486
"../../../Engine/Content/Tutorial/Basics/LevelEditorOverview.uasset" 487
"../../../Engine/Content/Tutorial/Basics/TutorialAssets/icon_tab_Levels_40x.uasset" 488
"../../../Engine/Content/Tutorial/ContentIntroCurve.uasset" 489
"../../../Engine/Plugins/2D/Paper2D/Content/MaskedUnlitSpriteMaterial.uasset" 490
"../../../Engine/Plugins/2D/Paper2D/Content/DefaultSpriteMaterial.uasset" 491
"../../../Engine/Plugins/2D/Paper2D/Content/DummySpriteTexture.uasset" 492
"../../../Engine/Plugins/2D/Paper2D/Content/PlaceholderTextures/DummySpriteTexture.uasset" 493
"C:/Users/AbhishekSagi/AppData/Local/UnrealEngine/Common/DerivedDataCache/6/9/2/MATSM_4F0644619F9C48FF91E0D494C95EB050_GLSL_ES2_WEBGL_3900__BC5N_DEV_SL_NODBUF__19A7C0619CEB4F25791897A5489957D83271A708.udd" 494
"../../../Engine/Plugins/2D/Paper2D/Content/OpaqueUnlitSpriteMaterial.uasset" 495
"C:/Users/AbhishekSagi/AppData/Local/UnrealEngine/Common/DerivedDataCache/1/0/5/MATSM_4F0644619F9C48FF91E0D494C95EB050_GLSL_ES2_WEBGL_3900__BC5N_DEV_SL_NODBUF__B9E38AEC6C80E5DEFDBE82EA4DCEFCF1718B1082.udd" 496
"../../../Engine/Plugins/2D/Paper2D/Content/DefaultPaperTerrainMaterial.uasset" 497
"../../../Engine/Plugins/2D/Paper2D/Content/DummySprite.uasset" 498
"C:/Users/AbhishekSagi/AppData/Local/UnrealEngine/4.11/Saved/Config/Windows/SourceControlSettings.ini" 499
"../../../../../../Work/My Projects/ProjectBristol/Paper2DDemo/Intermediate/Config/CoalescedSourceConfigs/SourceControlSettings.ini" 500
"D:/Work/My Projects/ProjectBristol/Paper2DDemo/Saved/Config/Windows/SourceControlSettings.ini" 501
"../../../Engine/Plugins/Runtime/LeapMotionController/Content/LM_CapsuleMesh.uasset" 502
"../../../Engine/Plugins/Runtime/LeapMotionController/Content/LM_TorusMesh.uasset" 503
"../../../Engine/Plugins/Runtime/LeapMotionController/Content/LM_HandColor.uasset" 504
"C:/Users/AbhishekSagi/AppData/Local/UnrealEngine/Common/DerivedDataCache/6/8/4/MATSM_4F0644619F9C48FF91E0D494C95EB050_GLSL_ES2_WEBGL_3900__BC5N_DEV_SL_NODBUF__84768382946663ED695815BBF3784F06668377CC.udd" 505
"../../../Engine/Plugins/Runtime/LeapMotionController/Content/LM_PassthroughMaterial.uasset" 506
"../../../Engine/Plugins/Runtime/LeapMotionController/Content/LM_SampleDistortion.uasset" 507
"../../../Engine/Plugins/Runtime/LeapMotionController/Content/LM_TestTexture.uasset" 508
"C:/Users/AbhishekSagi/AppData/Local/UnrealEngine/Common/DerivedDataCache/6/8/6/MATSM_4F0644619F9C48FF91E0D494C95EB050_GLSL_ES2_WEBGL_3900__BC5N_DEV_SL_NODBUF__555D8ACB7306A788BE554431316742842A0489B2.udd" 509
"../../../Engine/Content/BasicShapes/Cube.uasset" 510
"../../../Engine/Content/EngineMaterials/RemoveSurfaceMaterial.uasset" 511
"C:/Users/AbhishekSagi/AppData/Local/UnrealEngine/Common/DerivedDataCache/6/4/6/MATSM_4F0644619F9C48FF91E0D494C95EB050_GLSL_ES2_WEBGL_3900__BC5N_DEV_SL_NODBUF__5BB3C2A7597F0C25D2530180B69F0330EECE1258.udd" 512
"../../../Engine/Content/EngineDebugMaterials/DebugMeshMaterial.uasset" 513
"C:/Users/AbhishekSagi/AppData/Local/UnrealEngine/Common/DerivedDataCache/2/3/0/MATSM_4F0644619F9C48FF91E0D494C95EB050_GLSL_ES2_WEBGL_3900__BC5N_DEV_SL_NODBUF__A7A6ACF4C1096E3029315256B427B1EC8EA20030.udd" 514
"../../../Engine/Content/EngineMaterials/M_InvalidLightmapSettings.uasset" 515
"../../../Engine/Content/EngineMaterials/InvalidLightmapSettings.uasset" 516
"C:/Users/AbhishekSagi/AppData/Local/UnrealEngine/Common/DerivedDataCache/6/3/0/MATSM_4F0644619F9C48FF91E0D494C95EB050_GLSL_ES2_WEBGL_3900__BC5N_DEV_SL_NODBUF__3EB8A5916381E6D813C5011941E9D41F429FBEB9.udd" 517
"../../../Engine/Content/EditorMaterials/GizmoMaterial.uasset" 518
"C:/Users/AbhishekSagi/AppData/Local/UnrealEngine/Common/DerivedDataCache/9/7/1/MATSM_4F0644619F9C48FF91E0D494C95EB050_GLSL_ES2_WEBGL_3900__BC5N_DEV_SL_NODBUF__BE4400CD58A0205B462E991A711F04AE423287EA.udd" 519
"../../../Engine/Content/EngineMaterials/Good64x64TilingNoiseHighFreq.uasset" 520
"../../../Engine/Content/EngineMaterials/DefaultBokeh.uasset" 521
"../../../Engine/Content/EngineMaterials/PreintegratedSkinBRDF.uasset" 522
"../../../Engine/Content/EngineMaterials/MiniFont.uasset" 523
"../../../Engine/Content/EngineMaterials/WeightMapPlaceholderTexture.uasset" 524
"../../../Engine/Content/EngineMaterials/DefaultWhiteGrid.uasset" 525
"../../../Engine/Content/EngineMaterials/DefaultPhysicalMaterial.uasset" 526
"../../../Engine/Content/EngineFonts/RobotoTiny.uasset" 527
"../../../Engine/Content/EngineResources/AICON-Red.uasset" 528
"../../../Engine/Content/EngineResources/AICON-Green.uasset" 529
"../../../../../../Work/My Projects/ProjectBristol/Paper2DDemo/Intermediate/CachedAssetRegistry.bin" 530
"../../../../../../Work/My Projects/ProjectBristol/Paper2DDemo/Content/Blueprints/Controllers/BP_AIController.uasset" 531
"../../../../../../Work/My Projects/ProjectBristol/Paper2DDemo/Content/Blueprints/Pawns/BP_EnemyShip.uasset" 532
"../../../../../../Work/My Projects/ProjectBristol/Paper2DDemo/Content/Maps/ShooterMap.umap" 533
"../../../../../../Work/My Projects/ProjectBristol/Paper2DDemo/Content/MaterialInstances/Background/MI_Background.uasset" 534
"../../../../../../Work/My Projects/ProjectBristol/Paper2DDemo/Content/Materials/M_BackgroundSprite.uasset" 535
"../../../../../../Work/My Projects/ProjectBristol/Paper2DDemo/Content/Sprites/Background/T_Starfield_Sprite.uasset" 536
"../../../../../../Work/My Projects/ProjectBristol/Paper2DDemo/Content/Textures/Background/T_Starfield.uasset" 537
"D:/Work/My Projects/ProjectBristol/Paper2DDemo/Saved/Cooked/HTML5/Paper2DDemo/CookedIniVersion.txt" 538
"../../../Engine/Config/HTML5/HTML5Engine.ini" 539
"C:/Users/AbhishekSagi/AppData/Local/UnrealEngine/Common/DerivedDataCache/9/3/1/GSM_753D597996674C67855E3A31377FCDD0_GLSL_ES2_WEBGL_3900__BC5N_DEV_SL_NODBUF_E__49A4271EFFD2EBF24480376D406EAC5EA8833ABF.udd" 540
"../../../Engine/Content/MobileResources/HUD/VirtualJoystick_Thumb.uasset" 541
"../../../Engine/Content/EditorResources/BSPVertex.uasset" 542
"../../../Engine/Content/EngineDebugMaterials/GeomMaterial.uasset" 543
"C:/Users/AbhishekSagi/AppData/Local/UnrealEngine/Common/DerivedDataCache/4/8/8/MATSM_4F0644619F9C48FF91E0D494C95EB050_GLSL_ES2_WEBGL_3900__BC5N_DEV_SL_NODBUF__D2BD134BE9105B5CDE4AA305C2DB8DEEA22B6D26.udd" 544
"../../../Engine/Content/EngineDebugMaterials/BoneWeightMaterial.uasset" 545
"../../../Engine/Content/EngineDebugMaterials/HeatmapGradient.uasset" 546
"C:/Users/AbhishekSagi/AppData/Local/UnrealEngine/Common/DerivedDataCache/4/6/9/MATSM_4F0644619F9C48FF91E0D494C95EB050_GLSL_ES2_WEBGL_3900__BC5N_DEV_SL_NODBUF__05924DB9E072CB5830FDC49A2F049CC2B4F8586D.udd" 547
"../../../Engine/Content/EditorMaterials/PhAT_JointLimitMaterial.uasset" 548
"C:/Users/AbhishekSagi/AppData/Local/UnrealEngine/Common/DerivedDataCache/6/9/3/MATSM_4F0644619F9C48FF91E0D494C95EB050_GLSL_ES2_WEBGL_3900__BC5N_DEV_SL_NODBUF__C2297E5068F2733EEF5A29967B2B1D922F683568.udd" 549
"../../../Engine/Content/EditorMaterials/PreviewShadowIndicatorMaterial.uasset" 550
"../../../Engine/Content/EditorMaterials/PreviewShadowIndicator.uasset" 551
"C:/Users/AbhishekSagi/AppData/Local/UnrealEngine/Common/DerivedDataCache/8/5/5/MATSM_4F0644619F9C48FF91E0D494C95EB050_GLSL_ES2_WEBGL_3900__BC5N_DEV_SL_NODBUF__D774278C443F1E9513E79E6921FD18FBECF3B0B3.udd" 552
"../../../Engine/Content/EngineMaterials/EditorBrushMaterial.uasset" 553
"C:/Users/AbhishekSagi/AppData/Local/UnrealEngine/Common/DerivedDataCache/1/1/3/MATSM_4F0644619F9C48FF91E0D494C95EB050_GLSL_ES2_WEBGL_3900__BC5N_DEV_SL_NODBUF__C9398DDF615294A3944CAC6FAB0FE3A9A79C571A.udd" 554
"../../../Engine/Content/EditorMeshes/ColorCalibrator/SM_ColorCalibrator.uasset" 555
"../../../Engine/Content/EditorMeshes/ColorCalibrator/M_ChromeBall.uasset" 556
"../../../Engine/Content/EditorMeshes/ColorCalibrator/M_ClearCoat.uasset" 557
"../../../Engine/Content/EditorMeshes/ColorCalibrator/M_ClearCoatBlack.uasset" 558
"../../../Engine/Content/EditorMeshes/ColorCalibrator/M_ColorGrid.uasset" 559
"../../../Engine/Content/EditorMeshes/ColorCalibrator/T_ColorGrid.uasset" 560
"../../../Engine/Content/EditorMeshes/ColorCalibrator/M_GreyBall.uasset" 561
"../../../Engine/Content/MobileResources/HUD/DefaultVirtualJoysticks.uasset" 562
"../../../Engine/Content/MobileResources/HUD/VirtualJoystick_Background.uasset" 563
"../../../Engine/Content/Tutorial/BlueprintTutorials/TutorialAssets/Blueprint_64x.uasset" 564
"../../../Engine/Content/Tutorial/SubEditors/TutorialAssets/icon_Editor_Preferences_General_40x.uasset" 565
"../../../Engine/Content/Tutorial/Paper2D/TutorialAssets/Paper2DSprite_TutorialIcon.uasset" 566
"../../../Engine/Content/Tutorial/SubEditors/TutorialAssets/icon_ShowSkeletalMeshes_40x.uasset" 567
"../../../Engine/Content/Tutorial/Landscape/TutorialAssets/Landscape.uasset" 568
"../../../Engine/Content/Tutorial/Foliage/TutorialAssets/Foliage.uasset" 569
"../../../Engine/Content/Tutorial/SubEditors/StaticMeshEditorTutorial.uasset" 570
"../../../Engine/Content/EngineMeshes/Cube.uasset" 571
"../../../Engine/Content/Tutorial/BlueprintTutorials/BlueprintEditorTutorial.uasset" 572
"../../../Engine/Content/Tutorial/BlueprintTutorials/BlueprintMacroLibrariesEditorOverview.uasset" 573
"../../../Engine/Content/Tutorial/BlueprintTutorials/TutorialAssets/BlueprintMacroLibrary_64x.uasset" 574
"../../../Engine/Content/Tutorial/BlueprintTutorials/TutorialAssets/Tutorial_BP_MacroLib.uasset" 575
"../../../Engine/Content/Tutorial/BlueprintTutorials/BlueprintInterfacesEditorOverview.uasset" 576
"../../../Engine/Content/Tutorial/BlueprintTutorials/TutorialAssets/BlueprintInterface_64x.uasset" 577
"../../../Engine/Content/Tutorial/BlueprintTutorials/TutorialAssets/Tutorial_BP_Interface.uasset" 578
"../../../Engine/Content/Tutorial/BlueprintTutorials/LevelBlueprintEditorOverview.uasset" 579
"../../../Engine/Content/Tutorial/SubEditors/DestructibleMeshEditorTutorial.uasset" 580
"../../../Engine/Content/Tutorial/SubEditors/TutorialAssets/Tutorial_DM.uasset" 581
"../../../Engine/Content/EditorMeshes/EditorCube.uasset" 582
"../../../Engine/Content/Tutorial/SubEditors/MaterialEditorTutorial.uasset" 583
"../../../Engine/Content/Tutorial/SubEditors/TutorialAssets/TutorialMaterial.uasset" 584
"../../../Engine/Content/Tutorial/SubEditors/ParticleSystemEditorTutorial.uasset" 585
"../../../Engine/Content/Tutorial/SubEditors/TutorialAssets/TutorialParticleSystem.uasset" 586
"../../../Engine/Content/Tutorial/SubEditors/TutorialAssets/M_smoke_subUV_blackbody.uasset" 587
"../../../Engine/Content/Tutorial/SubEditors/TutorialAssets/T_SmokeSubUV_8X8.uasset" 588
"../../../Engine/Content/Tutorial/SubEditors/TutorialAssets/T_soft_smoke.uasset" 589
"../../../Engine/Content/Tutorial/SubEditors/PersonaAnimEditorWalkThrough.uasset" 590
"../../../Engine/Content/Tutorial/SubEditors/TutorialAssets/Character/NewBlendSpace1D.uasset" 591
"../../../Engine/Content/Tutorial/SubEditors/TutorialAssets/Character/Tutorial_Idle.uasset" 592
"../../../Engine/Content/Tutorial/SubEditors/TutorialAssets/Character/TutorialTPP_Skeleton.uasset" 593
"../../../Engine/Content/Tutorial/SubEditors/TutorialAssets/Character/Tutorial_Walk_Fwd.uasset" 594
"../../../Engine/Content/Tutorial/SubEditors/TutorialAssets/Character/TutorialTPP.uasset" 595
"../../../Engine/Content/Tutorial/SubEditors/TutorialAssets/Character/TutorialTPP_Mat.uasset" 596
"../../../Engine/Content/Tutorial/SubEditors/TutorialAssets/Character/TutorialTPP_PhysicsAsset.uasset" 597
"../../../Engine/Content/Tutorial/SubEditors/PersonaAnimBlueprintEditorWalkthrough.uasset" 598
"../../../Engine/Content/Tutorial/SubEditors/TutorialAssets/Character/TutorialTPP_AnimBlueprint.uasset" 599
"../../../Engine/Content/EditorBlueprintResources/StandardMacros.uasset" 600
"../../../Engine/Content/Tutorial/SubEditors/TutorialAssets/Character/TutorialCharacter.uasset" 601
"../../../Engine/Content/Tutorial/Paper2D/SpriteEditorTutorial.uasset" 602
"../../../Engine/Content/Tutorial/Paper2D/FlipbookEditorTutorial.uasset" 603
"../../../Engine/Content/Tutorial/Paper2D/TutorialAssets/Paper2DFlipbook_TutorialIcon.uasset" 604
"../../../Engine/Content/Tutorial/Landscape/Landscape_Manage_Mode.uasset" 605
"../../../Engine/Content/Tutorial/Landscape/Landscape_Sculpt_Mode.uasset" 606
"../../../Engine/Content/Tutorial/Landscape/Landscape_Painting_Mode.uasset" 607
"../../../Engine/Content/Tutorial/Landscape/LandscapeWalkThrough.uasset" 608
"../../../Engine/Content/Tutorial/Foliage/Foliage_Intro_Tutorial.uasset" 609
"../../../Engine/Content/Tutorial/Foliage/Foliage_Using_The_Tool_Tutorial.uasset" 610
"../../../Engine/Content/Tutorial/Foliage/Foliage_Settings_Tutorial.uasset" 611
"C:/Users/AbhishekSagi/AppData/Local/UnrealEngine/Common/DerivedDataCache/2/5/4/TEXTURE_814DCC3DC72143F49509781513CB9855_RGBA8_2303080240B4FBC995EC43ABAA9A8C6__E24BE315BC7E38AAC851A0D9B18BDF6554E250F9.udd" 612
"C:/Users/AbhishekSagi/AppData/Local/UnrealEngine/Common/DerivedDataCache/7/1/2/TEXTURE_814DCC3DC72143F49509781513CB9855_RGBA8_5216118D4EACC7D4064ADCBA89F7720__A6821AAF054EE38EE4AB76FCDE71C091DBB33BE8.udd" 613
"C:/Users/AbhishekSagi/AppData/Local/UnrealEngine/Common/DerivedDataCache/3/4/2/TEXTURE_814DCC3DC72143F49509781513CB9855_RGBA8_5216118D4EACC7D4064ADCBA89F7720__321276360267FAD15F1DA9AA41BAAF1907CBC907.udd" 614
"C:/Users/AbhishekSagi/AppData/Local/UnrealEngine/Common/DerivedDataCache/0/8/6/TEXTURE_814DCC3DC72143F49509781513CB9855_AUTODXT_C45F0F7D439FAD52041B1EBC5A8A1__9908241BD20DF14A6AE05F8E6CA9BBBE24B07AB6.udd" 615
"C:/Users/AbhishekSagi/AppData/Local/UnrealEngine/Common/DerivedDataCache/6/5/4/TEXTURE_814DCC3DC72143F49509781513CB9855_AUTODXT_FDD461EC4EDF5F99C659709B7A42E__FBBDD204E59CC3E3C9749161169905E65779DA9A.udd" 616
"C:/Users/AbhishekSagi/AppData/Local/UnrealEngine/Common/DerivedDataCache/0/7/5/TEXTURE_814DCC3DC72143F49509781513CB9855_AUTODXT_FDD461EC4EDF5F99C659709B7A42E__A862D430A5BD3851806098886F46A0DB4C02712D.udd" 617
"C:/Users/AbhishekSagi/AppData/Local/UnrealEngine/Common/DerivedDataCache/6/6/3/TEXTURE_814DCC3DC72143F49509781513CB9855_AUTODXT_FDD461EC4EDF5F99C659709B7A42E__5D8E67CBA0F04E790BD64833DFE9997DDB1D33F0.udd" 618
"C:/Users/AbhishekSagi/AppData/Local/UnrealEngine/Common/DerivedDataCache/7/8/4/TEXTURE_814DCC3DC72143F49509781513CB9855_AUTODXT_FDD461EC4EDF5F99C659709B7A42E__D3B9066E064FF8485C582FA787D958A7AE111964.udd" 619
"C:/Users/AbhishekSagi/AppData/Local/UnrealEngine/Common/DerivedDataCache/9/3/5/TEXTURE_814DCC3DC72143F49509781513CB9855_DXT5_565E0359430950FA252A118AF8521636__2EAA8DF17A4A6BDA26F27CE43AFDEEACA0FE4D59.udd" 620
"C:/Users/AbhishekSagi/AppData/Local/UnrealEngine/Common/DerivedDataCache/1/6/9/TEXTURE_814DCC3DC72143F49509781513CB9855_DXT5_565E0359430950FA252A118AF8521636__3A5ED170B54AFC8A67B8289FC3E9EBD65EF14DB6.udd" 621
"C:/Users/AbhishekSagi/AppData/Local/UnrealEngine/Common/DerivedDataCache/1/2/1/TEXTURE_814DCC3DC72143F49509781513CB9855_DXT5_565E0359430950FA252A118AF8521636__2074CC5FEF49050A29DD420D261F012D43FDF3D2.udd" 622
"C:/Users/AbhishekSagi/AppData/Local/UnrealEngine/Common/DerivedDataCache/4/1/5/TEXTURE_814DCC3DC72143F49509781513CB9855_AUTODXT_B21C1AFF42ACD5ADC8C382B3A090A__DD3D508F2B287118D83B2811676DC879755E7F88.udd" 623
"C:/Users/AbhishekSagi/AppData/Local/UnrealEngine/Common/DerivedDataCache/6/2/3/TEXTURE_814DCC3DC72143F49509781513CB9855_AUTODXT_B21C1AFF42ACD5ADC8C382B3A090A__EC69846C8DD084F28BBD11A348C2B577D88F8262.udd" 624
"C:/Users/AbhishekSagi/AppData/Local/UnrealEngine/Common/DerivedDataCache/3/3/4/TEXTURE_814DCC3DC72143F49509781513CB9855_AUTODXT_B21C1AFF42ACD5ADC8C382B3A090A__F781C0B0C2693BF17FB27AC24C523D4AD3350E86.udd" 625
"C:/Users/AbhishekSagi/AppData/Local/UnrealEngine/Common/DerivedDataCache/5/7/4/TEXTURE_814DCC3DC72143F49509781513CB9855_AUTODXT_B21C1AFF42ACD5ADC8C382B3A090A__1423AB5FD021F7D2A063652CBFD2D5D24334CF57.udd" 626
"C:/Users/AbhishekSagi/AppData/Local/UnrealEngine/Common/DerivedDataCache/3/6/9/TEXTURE_814DCC3DC72143F49509781513CB9855_AUTODXT_B21C1AFF42ACD5ADC8C382B3A090A__1AC1C47CE01BB3791E07B3F37B4DEBBD29C103E3.udd" 627
"C:/Users/AbhishekSagi/AppData/Local/UnrealEngine/Common/DerivedDataCache/8/7/3/TEXTURE_814DCC3DC72143F49509781513CB9855_DXT1_15564967414184874DBCB89C44D5959C__BA34306FE8A99B5C640F036EF7E052585535A66C.udd" 628
"C:/Users/AbhishekSagi/AppData/Local/UnrealEngine/Common/DerivedDataCache/6/0/3/TEXTURE_814DCC3DC72143F49509781513CB9855_DXT1_15564967414184874DBCB89C44D5959C__02B54665C520D91F5F701748C4780F8A6005FD33.udd" 629
"C:/Users/AbhishekSagi/AppData/Local/UnrealEngine/Common/DerivedDataCache/6/1/2/TEXTURE_814DCC3DC72143F49509781513CB9855_RGBA8_B19E8D43472CA8B277E8CCA8993996A__AE0CB2D3DAB09AE46189CF339B18FCF6C66AB4C2.udd" 630
"C:/Users/AbhishekSagi/AppData/Local/UnrealEngine/Common/DerivedDataCache/4/6/4/TEXTURE_814DCC3DC72143F49509781513CB9855_AUTODXT_55809E694EE7DB292235CC917A5C5__581C558B12F92DA8D70F4F628DF65CDCF5AECBC8.udd" 631
"C:/Users/AbhishekSagi/AppData/Local/UnrealEngine/Common/DerivedDataCache/7/0/5/TEXTURE_814DCC3DC72143F49509781513CB9855_AUTODXT_55809E694EE7DB292235CC917A5C5__0DEE01AFDCD63EDCE050864E9B2048808D3D7B82.udd" 632
"C:/Users/AbhishekSagi/AppData/Local/UnrealEngine/Common/DerivedDataCache/1/8/3/TEXTURE_814DCC3DC72143F49509781513CB9855_AUTODXT_55809E694EE7DB292235CC917A5C5__60C01A3D2DE5A93AFF7EF8C568AEB262FC04DA19.udd" 633
"C:/Users/AbhishekSagi/AppData/Local/UnrealEngine/Common/DerivedDataCache/2/5/8/TEXTURE_814DCC3DC72143F49509781513CB9855_AUTODXT_7BC0404946D77A8C093A10AE0677E__AFBD176B0024CACEDD89C5FD04DBA1FA2128794D.udd" 634
"C:/Users/AbhishekSagi/AppData/Local/UnrealEngine/Common/DerivedDataCache/0/8/3/TEXTURE_814DCC3DC72143F49509781513CB9855_AUTODXT_7BC0404946D77A8C093A10AE0677E__A1D8A03E2549AA9BBB14D25D58C22DB5DF625B64.udd" 635
"C:/Users/AbhishekSagi/AppData/Local/UnrealEngine/Common/DerivedDataCache/0/1/3/TEXTURE_814DCC3DC72143F49509781513CB9855_G8_C13BD2BB45C48968C13E6F8322E0CF1A_0__A856BDB1C74F641C3E5A497386077ABA922667E4.udd" 636
"C:/Users/AbhishekSagi/AppData/Local/UnrealEngine/Common/DerivedDataCache/7/7/7/TEXTURE_814DCC3DC72143F49509781513CB9855_RGBA8_D0FECEC94BB5E3DA0C23C4AB41A933F__FFF3E7AA7E0C2CB645CD9310F3C65D81C9256830.udd" 637
"C:/Users/AbhishekSagi/AppData/Local/UnrealEngine/Common/DerivedDataCache/2/5/4/TEXTURE_814DCC3DC72143F49509781513CB9855_RGBA8_D0FECEC94BB5E3DA0C23C4AB41A933F__61879D22DE976A78632C450E6A2490C314B8F063.udd" 638
"C:/Users/AbhishekSagi/AppData/Local/UnrealEngine/Common/DerivedDataCache/5/1/6/TEXTURE_814DCC3DC72143F49509781513CB9855_RGBA8_D0FECEC94BB5E3DA0C23C4AB41A933F__820ECE9E7725370C5D441CA39174346F4FE25D38.udd" 639
"C:/Users/AbhishekSagi/AppData/Local/UnrealEngine/Common/DerivedDataCache/8/2/3/TEXTURE_814DCC3DC72143F49509781513CB9855_RGBA8_C6F046E346DE53E9987E70930FC6D31__D4169328E2952652C617DBEC1CF9AE765AD7D55D.udd" 640
"C:/Users/AbhishekSagi/AppData/Local/UnrealEngine/Common/DerivedDataCache/6/1/2/TEXTURE_814DCC3DC72143F49509781513CB9855_AUTODXT_1EC0B18B47E75959952584B5D8D9E__61476F8F01150CA0879C3ACC7FFBE61559C32272.udd" 641
"C:/Users/AbhishekSagi/AppData/Local/UnrealEngine/Common/DerivedDataCache/7/5/8/TEXTURE_814DCC3DC72143F49509781513CB9855_AUTODXT_3D7D3365419CADDBF5E531B12CF16__2D210BC742A9A071850B8696B3B5F3BFB91FB2AC.udd" 642
"C:/Users/AbhishekSagi/AppData/Local/UnrealEngine/Common/DerivedDataCache/3/9/8/TEXTURE_814DCC3DC72143F49509781513CB9855_AUTODXT_3CAC1F094FB87A98E53D7D8A24643__0ADB52FC1C87E64467B7229C368AA2DCF86DFE5B.udd" 643
"C:/Users/AbhishekSagi/AppData/Local/UnrealEngine/Common/DerivedDataCache/8/6/4/TEXTURE_814DCC3DC72143F49509781513CB9855_AUTODXT_33CBEF834D7D60ED9D58E5940B7B2__09AEB2AC23FA45423CA92F569A7187888552681E.udd" 644
"C:/Users/AbhishekSagi/AppData/Local/UnrealEngine/Common/DerivedDataCache/7/6/3/TEXTURE_814DCC3DC72143F49509781513CB9855_AUTODXT_CBF5B13548AB62E6A9ADA387D1FEB__4A9FB5D124DCA445BD27564DB3B0A06172F0D4A8.udd" 645
"C:/Users/AbhishekSagi/AppData/Local/UnrealEngine/Common/DerivedDataCache/3/8/0/TEXTURE_814DCC3DC72143F49509781513CB9855_AUTODXT_E38B68B34F759D23C6E5CD925E4D1__24693E2BCBEB7164B3FBD7F012A1856992CF6BAC.udd" 646
"C:/Users/AbhishekSagi/AppData/Local/UnrealEngine/Common/DerivedDataCache/7/4/7/TEXTURE_814DCC3DC72143F49509781513CB9855_AUTODXT_E55F8197440DD2855E7F4D9816C88__4B98C29CAB8DC3858D2FD1924BF032569B0064F4.udd" 647
"C:/Users/AbhishekSagi/AppData/Local/UnrealEngine/Common/DerivedDataCache/6/1/4/TEXTURE_814DCC3DC72143F49509781513CB9855_AUTODXT_A6C0C4B74D09BE1A7E2C31B7CA775__8240F4F76015DBCE4BBDAE52B1233C28F14FBA6D.udd" 648
"C:/Users/AbhishekSagi/AppData/Local/UnrealEngine/Common/DerivedDataCache/7/3/3/TEXTURE_814DCC3DC72143F49509781513CB9855_AUTODXT_7D98C11E41884B4A67A497A07B028__D056AE9858611F8551086C386BCEE9909E137C18.udd" 649
"C:/Users/AbhishekSagi/AppData/Local/UnrealEngine/Common/DerivedDataCache/4/1/1/TEXTURE_814DCC3DC72143F49509781513CB9855_AUTODXT_74A80EB64112E46096AE17A812C2E__E433C23A316779D3C7021F55A16B60C3D3A3BD33.udd" 650
"C:/Users/AbhishekSagi/AppData/Local/UnrealEngine/Common/DerivedDataCache/5/8/2/TEXTURE_814DCC3DC72143F49509781513CB9855_AUTODXT_264ABDF14257816FFA9477A6F6A19__303B98F4E304FB93C820CBC3D56044C65F0B73B1.udd" 651
"C:/Users/AbhishekSagi/AppData/Local/UnrealEngine/Common/DerivedDataCache/2/7/5/TEXTURE_814DCC3DC72143F49509781513CB9855_AUTODXT_025102BB43BBEAC3F075788919382__7E08700D2950C4E78762A07B2EC79F112D9FC152.udd" 652
"C:/Users/AbhishekSagi/AppData/Local/UnrealEngine/Common/DerivedDataCache/2/3/3/TEXTURE_814DCC3DC72143F49509781513CB9855_AUTODXT_C55865344733442FBAD7D29E0B657__FFD7EA1B74583C7B5E036A22683727F92263078B.udd" 653
"C:/Users/AbhishekSagi/AppData/Local/UnrealEngine/Common/DerivedDataCache/2/8/5/TEXTURE_814DCC3DC72143F49509781513CB9855_AUTODXT_6A6029554EC6CEDCFFC9E0836D465__15055B7217D64E5B0C68FF0F1248D0C8B2998C2C.udd" 654
"C:/Users/AbhishekSagi/AppData/Local/UnrealEngine/Common/DerivedDataCache/8/5/4/TEXTURE_814DCC3DC72143F49509781513CB9855_DXT1_C349D2FA2A30FC1134357D3272F2DC90__9CAE132C99390C163EA7822A81369E3926FE8834.udd" 655
"C:/Users/AbhishekSagi/AppData/Local/UnrealEngine/Common/DerivedDataCache/6/9/3/TEXTURE_814DCC3DC72143F49509781513CB9855_RGBA8_2140CA5B4637C285519D6D91BA9973B__235668F39356976AB0D9EBDFDAF734E65889F31A.udd" 656
"C:/Users/AbhishekSagi/AppData/Local/UnrealEngine/Common/DerivedDataCache/0/6/3/TEXTURE_814DCC3DC72143F49509781513CB9855_AUTODXT_584A79B6465982423406428F0D776__7E8A800BE546D16101C11CDEE1840BBEF21B464F.udd" 657
"C:/Users/AbhishekSagi/AppData/Local/UnrealEngine/Common/DerivedDataCache/7/7/4/TEXTURE_814DCC3DC72143F49509781513CB9855_AUTODXT_584A79B6465982423406428F0D776__61F5CC0CCE5D9CD95B83AA1CB53B0B5FE41AC847.udd" 658
"C:/Users/AbhishekSagi/AppData/Local/UnrealEngine/Common/DerivedDataCache/2/2/7/TEXTURE_814DCC3DC72143F49509781513CB9855_AUTODXT_F5B300EB4E4ACA2755332398BF639__9C27E141122AED618AF7EE9E2CD56DC3C49362A0.udd" 659
"C:/Users/AbhishekSagi/AppData/Local/UnrealEngine/Common/DerivedDataCache/6/8/3/TEXTURE_814DCC3DC72143F49509781513CB9855_AUTODXT_2C8A101D47D0C7AC5EFF01B747F21__25486F35A7A1EE39D0BCA0F22FF9298F8F66CEB0.udd" 660
"C:/Users/AbhishekSagi/AppData/Local/UnrealEngine/Common/DerivedDataCache/3/1/1/TEXTURE_814DCC3DC72143F49509781513CB9855_AUTODXT_2C8A101D47D0C7AC5EFF01B747F21__614A182FD2985EA1A7A5E75550916356986F8024.udd" 661
"C:/Users/AbhishekSagi/AppData/Local/UnrealEngine/Common/DerivedDataCache/4/3/7/TEXTURE_814DCC3DC72143F49509781513CB9855_AUTODXT_2C8A101D47D0C7AC5EFF01B747F21__6C92F9FE0F9192D1333FF4F27A28DE596ED2F6F4.udd" 662
"C:/Users/AbhishekSagi/AppData/Local/UnrealEngine/Common/DerivedDataCache/1/9/1/TEXTURE_814DCC3DC72143F49509781513CB9855_AUTODXT_2C8A101D47D0C7AC5EFF01B747F21__3FA1C3E1B32C93524FBAF2472B061A9912FB6CCC.udd" 663
"C:/Users/AbhishekSagi/AppData/Local/UnrealEngine/Common/DerivedDataCache/8/6/1/TEXTURE_814DCC3DC72143F49509781513CB9855_AUTODXT_5075C5404C9665C57F66B49F2C5D8__7BA33EC7187D56264DE83DF9D074BF06C46EB7D8.udd" 664
"C:/Users/AbhishekSagi/AppData/Local/UnrealEngine/Common/DerivedDataCache/6/8/5/TEXTURE_814DCC3DC72143F49509781513CB9855_AUTODXT_5075C5404C9665C57F66B49F2C5D8__8A675B9A7E86ED55344E993623F4FE067048B76B.udd" 665
"C:/Users/AbhishekSagi/AppData/Local/UnrealEngine/Common/DerivedDataCache/3/1/0/TEXTURE_814DCC3DC72143F49509781513CB9855_AUTODXT_5075C5404C9665C57F66B49F2C5D8__23B11D0C14DC5B9C0C0D81B28ED055E07DD24DBD.udd" 666
"C:/Users/AbhishekSagi/AppData/Local/UnrealEngine/Common/DerivedDataCache/9/9/2/TEXTURE_814DCC3DC72143F49509781513CB9855_AUTODXT_5075C5404C9665C57F66B49F2C5D8__87E57DDE6EEE045F0A3F4444DC7E5DDBEB9DA85E.udd" 667
"C:/Users/AbhishekSagi/AppData/Local/UnrealEngine/Common/DerivedDataCache/2/2/6/TEXTURE_814DCC3DC72143F49509781513CB9855_G8_1C2B54F74EBDC3C23B1A0B85D55D159C_0__2E2A404ABA0B1D38FA0F8DFA476C0ECE606A40A4.udd" 668
"C:/Users/AbhishekSagi/AppData/Local/UnrealEngine/Common/DerivedDataCache/6/1/3/TEXTURE_814DCC3DC72143F49509781513CB9855_RGBA8_52C2D2044F80407BBABA8CB2BA04F4F__F22C743AB964E641C41379729928860D66300954.udd" 669
"C:/Users/AbhishekSagi/AppData/Local/UnrealEngine/Common/DerivedDataCache/9/3/3/TEXTURE_814DCC3DC72143F49509781513CB9855_RGBA8_A28EC0C4486158C85466808599E49A4__6B6B1F03978C7592BE36BBD51C67575968A886AC.udd" 670
"C:/Users/AbhishekSagi/AppData/Local/UnrealEngine/Common/DerivedDataCache/4/2/1/TEXTURE_814DCC3DC72143F49509781513CB9855_AUTODXT_B1F6A23D46761DA1743FBE984F9E8__A7029B9659C79ED952199638E34300F568BEC77C.udd" 671
"C:/Users/AbhishekSagi/AppData/Local/UnrealEngine/Common/DerivedDataCache/9/6/0/TEXTURE_814DCC3DC72143F49509781513CB9855_RGBA8_9B0249994A9B1B14D96CD7BB7A90FB3__2D25E4C8B7A814FC6F8799F222CAFCC8196B1CB9.udd" 672
"C:/Users/AbhishekSagi/AppData/Local/UnrealEngine/Common/DerivedDataCache/3/7/2/TEXTURE_814DCC3DC72143F49509781513CB9855_AUTODXT_95D01D314436990422EF30A4E4FA2__A0EA230C82B6516917DBF6AD6916F36C2FF78A30.udd" 673
"C:/Users/AbhishekSagi/AppData/Local/UnrealEngine/Common/DerivedDataCache/4/8/1/TEXTURE_814DCC3DC72143F49509781513CB9855_AUTODXT_95D01D314436990422EF30A4E4FA2__E2300CE8A9419ECFFDE837D77935F89934CEF43F.udd" 674
"C:/Users/AbhishekSagi/AppData/Local/UnrealEngine/Common/DerivedDataCache/5/9/3/TEXTURE_814DCC3DC72143F49509781513CB9855_AUTODXT_09053A42486F57C671A2B9B0F6272__7081BA232D94CF58FB5C793F5EA542CA762D0E8E.udd" 675
"C:/Users/AbhishekSagi/AppData/Local/UnrealEngine/Common/DerivedDataCache/2/3/9/TEXTURE_814DCC3DC72143F49509781513CB9855_AUTODXT_B07BB94C4024838454154883B7876__59CB28ED8FB21C25306FDB3AEC6027252B011A56.udd" 676
"C:/Users/AbhishekSagi/AppData/Local/UnrealEngine/Common/DerivedDataCache/3/7/6/TEXTURE_814DCC3DC72143F49509781513CB9855_AUTODXT_6A00F1654C244F95E8B15E9A15BE5__9F6FE039175A88CA1E577272AF00572DA13D0688.udd" 677
"C:/Users/AbhishekSagi/AppData/Local/UnrealEngine/Common/DerivedDataCache/7/1/9/TEXTURE_814DCC3DC72143F49509781513CB9855_RGBA8_300F91D746B84377794E1FA74622CC3__D79E55A197FCE327ACA0E0F87B0EA6C56FB93ABA.udd" 678
"C:/Users/AbhishekSagi/AppData/Local/UnrealEngine/Common/DerivedDataCache/5/7/7/TEXTURE_814DCC3DC72143F49509781513CB9855_RGBA8_300F91D746B84377794E1FA74622CC3__CC7C8A7057F9031E48303260BB375340D1472DAE.udd" 679
"C:/Users/AbhishekSagi/AppData/Local/UnrealEngine/Common/DerivedDataCache/0/5/0/TEXTURE_814DCC3DC72143F49509781513CB9855_RGBA8_300F91D746B84377794E1FA74622CC3__B1B59436675350B06FA23781AC903CD75C466F90.udd" 680
"C:/Users/AbhishekSagi/AppData/Local/UnrealEngine/Common/DerivedDataCache/3/2/3/TEXTURE_814DCC3DC72143F49509781513CB9855_RGBA8_300F91D746B84377794E1FA74622CC3__877876972AA8B6980AF42CBDFF281B7DB9D686F1.udd" 681
"C:/Users/AbhishekSagi/AppData/Local/UnrealEngine/Common/DerivedDataCache/9/8/2/TEXTURE_814DCC3DC72143F49509781513CB9855_G8_EFCCE016429008D9D6575CB3A2DF598A_0__F949E4B3D838BDCB34985AA09A06B8738A445AB5.udd" 682
"C:/Users/AbhishekSagi/AppData/Local/UnrealEngine/Common/DerivedDataCache/4/2/1/TEXTURE_814DCC3DC72143F49509781513CB9855_G8_EFCCE016429008D9D6575CB3A2DF598A_0__8945277941692C5A22D79C1A7D9B477B8846D045.udd" 683
"C:/Users/AbhishekSagi/AppData/Local/UnrealEngine/Common/DerivedDataCache/3/8/5/TEXTURE_814DCC3DC72143F49509781513CB9855_G8_EFCCE016429008D9D6575CB3A2DF598A_0__D2A687F2C18FB52AE2E1EEDB04C9C77170CD0FC3.udd" 684
"C:/Users/AbhishekSagi/AppData/Local/UnrealEngine/Common/DerivedDataCache/9/3/2/TEXTURE_814DCC3DC72143F49509781513CB9855_G8_EFCCE016429008D9D6575CB3A2DF598A_0__6C2CA7981AAE3BB88E80EDB6A8D74338EC182B8A.udd" 685
"C:/Users/ABHISH~1/AppData/Local/Temp/UnrealShaderWorkingDir/5279F792492B9875A57E51B69C9A5271/1/WorkerOutputOnly.out" 686
"C:/Users/ABHISH~1/AppData/Local/Temp/UnrealShaderWorkingDir/5279F792492B9875A57E51B69C9A5271/3/WorkerOutputOnly.out" 687
"C:/Users/ABHISH~1/AppData/Local/Temp/UnrealShaderWorkingDir/5279F792492B9875A57E51B69C9A5271/0/WorkerOutputOnly.out" 688
"C:/Users/ABHISH~1/AppData/Local/Temp/UnrealShaderWorkingDir/5279F792492B9875A57E51B69C9A5271/4/WorkerOutputOnly.out" 689
"C:/Users/ABHISH~1/AppData/Local/Temp/UnrealShaderWorkingDir/5279F792492B9875A57E51B69C9A5271/2/WorkerOutputOnly.out" 690
"C:/Users/AbhishekSagi/AppData/Local/UnrealEngine/Common/DerivedDataCache/5/9/1/TEXTURE_814DCC3DC72143F49509781513CB9855_RGBA8_72107D3F4110EAEF3BE5D5841EFE141__667DBC4EE3FBFFDBAEAAA66B7B28EAC8555CA760.udd" 691
"C:/Users/AbhishekSagi/AppData/Local/UnrealEngine/Common/DerivedDataCache/2/0/4/TEXTURE_814DCC3DC72143F49509781513CB9855_RGBA8_70FBE2144E9E03B3586828844F8F9E3__89DA69BBD08299B2B8190D3523A9FE143EA1E3D1.udd" 692
"C:/Users/AbhishekSagi/AppData/Local/UnrealEngine/Common/DerivedDataCache/1/6/9/TEXTURE_814DCC3DC72143F49509781513CB9855_RGBA8_BCE8FE5741A00FEBD2B9A5B20374AA1__84042F32C9834D75B6BC48C335755648A004EF7E.udd" 693
"../../../Engine/Content/MobileResources/HUD/MobileHUDButton2_on.uasset" 694
"C:/Users/AbhishekSagi/AppData/Local/UnrealEngine/Common/DerivedDataCache/0/9/7/TEXTURE_814DCC3DC72143F49509781513CB9855_AUTODXT_80A9E59646847B4846ED6DAF42DFE__5B70D57A8D534632E772B83FEBF7B027FF5B8388.udd" 695
"C:/Users/AbhishekSagi/AppData/Local/UnrealEngine/Common/DerivedDataCache/7/0/3/TEXTURE_814DCC3DC72143F49509781513CB9855_AUTODXT_80A9E59646847B4846ED6DAF42DFE__308ACB6CF9A852BC5B9B8DC8909BB87E9FB70BD3.udd" 696
"../../../Engine/Plugins/2D/Paper2D/Content/TranslucentUnlitSpriteMaterial.uasset" 697
"C:/Users/AbhishekSagi/AppData/Local/UnrealEngine/Common/DerivedDataCache/8/6/6/MATSM_4F0644619F9C48FF91E0D494C95EB050_GLSL_ES2_WEBGL_3900__BC5N_DEV_SL_NODBUF__7B3C40DE4EAE8D90B61890856545073F2513B815.udd" 698
"../../../../../../Work/My Projects/ProjectBristol/Paper2DDemo/Content/Materials/M_DefaultSpriteMaterial.uasset" 699
"C:/Users/AbhishekSagi/AppData/Local/UnrealEngine/Common/DerivedDataCache/5/1/1/MATSM_4F0644619F9C48FF91E0D494C95EB050_GLSL_ES2_WEBGL_3900__BC5N_DEV_SL_NODBUF__F6357D62C36526508076FF5A9F2FEEB1B54FC5EF.udd" 700
"C:/Users/AbhishekSagi/AppData/Local/UnrealEngine/Common/DerivedDataCache/4/8/0/MATSM_4F0644619F9C48FF91E0D494C95EB050_GLSL_ES2_WEBGL_3900__BC5N_DEV_SL_NODBUF__CFD0C351DDB407ACF6CBB8077D8DC2EAA1DCF7C1.udd" 701
"../../../../../../Work/My Projects/ProjectBristol/Paper2DDemo/Content/Flipbooks/SpaceShip/Flipbook_SpaceShip.uasset" 702
"../../../../../../Work/My Projects/ProjectBristol/Paper2DDemo/Content/Sprites/SpaceShip/T_Sprite_SpaceShip_0.uasset" 703
"../../../../../../Work/My Projects/ProjectBristol/Paper2DDemo/Content/Textures/SpaceShip/T_SpaceShip.uasset" 704
"../../../../../../Work/My Projects/ProjectBristol/Paper2DDemo/Content/Sprites/SpaceShip/T_Sprite_SpaceShip_1.uasset" 705
"../../../../../../Work/My Projects/ProjectBristol/Paper2DDemo/Content/Sprites/SpaceShip/T_Sprite_SpaceShip_2.uasset" 706
"../../../../../../Work/My Projects/ProjectBristol/Paper2DDemo/Content/Sprites/SpaceShip/T_Sprite_SpaceShip_3.uasset" 707
"../../../../../../Work/My Projects/ProjectBristol/Paper2DDemo/Content/Flipbooks/Enemy/Flipbook_EnemyRed.uasset" 708
"../../../../../../Work/My Projects/ProjectBristol/Paper2DDemo/Content/Sprites/Enemy/T_EnemyRed_0.uasset" 709
"../../../../../../Work/My Projects/ProjectBristol/Paper2DDemo/Content/Textures/Enemy/T_EnemyRed.uasset" 710
"../../../../../../Work/My Projects/ProjectBristol/Paper2DDemo/Content/Sprites/Enemy/T_EnemyRed_1.uasset" 711
"../../../../../../Work/My Projects/ProjectBristol/Paper2DDemo/Content/Sprites/Enemy/T_EnemyRed_2.uasset" 712
"../../../../../../Work/My Projects/ProjectBristol/Paper2DDemo/Content/Sprites/Enemy/T_EnemyRed_3.uasset" 713
"../../../../../../Work/My Projects/ProjectBristol/Paper2DDemo/Content/Sprites/Enemy/T_EnemyRed_4.uasset" 714
"../../../../../../Work/My Projects/ProjectBristol/Paper2DDemo/Content/Sprites/Enemy/T_EnemyRed_5.uasset" 715
"../../../../../../Work/My Projects/ProjectBristol/Paper2DDemo/Content/Blueprints/PlayerStates/BP_PlayerState.uasset" 716
"../../../../../../Work/My Projects/ProjectBristol/Paper2DDemo/Content/Blueprints/Pawns/BP_SpaceShip.uasset" 717
"../../../../../../Work/My Projects/ProjectBristol/Paper2DDemo/Content/Blueprints/HUD/BP_HUD.uasset" 718
"../../../../../../Work/My Projects/ProjectBristol/Paper2DDemo/Content/Blueprints/GameStates/BP_GameState.uasset" 719
"../../../../../../Work/My Projects/ProjectBristol/Paper2DDemo/Content/Blueprints/GameModes/BP_GameMode.uasset" 720
"../../../../../../Work/My Projects/ProjectBristol/Paper2DDemo/Content/Blueprints/Controllers/BP_PlayerController.uasset" 721
"C:/Users/AbhishekSagi/AppData/Local/UnrealEngine/Common/DerivedDataCache/3/4/1/TEXTURE_814DCC3DC72143F49509781513CB9855_RGBA8_BD2910D742B4B4778E3374B97767851__E69EE508FA94BF3EEE67C83922A88EFE39DBAF6C.udd" 722
"../../../../../../Work/My Projects/ProjectBristol/Paper2DDemo/Content/Textures/Background/starfield.uasset" 723
"../../../Engine/Content/MobileResources/HUD/T_Castle_ThumbstickOutter.uasset" 724
"C:/Users/AbhishekSagi/AppData/Local/UnrealEngine/Common/DerivedDataCache/9/7/5/TEXTURE_814DCC3DC72143F49509781513CB9855_RGBA8_9F5B2DF1453DB1272733529F5E95869__9ADC6565887170B0D3E6B96EDBBEA7661DA94857.udd" 725
"../../../Engine/Content/Maps/Entry.umap" 726
"../../../Engine/Content/EngineMaterials/DefaultNormal.uasset" 727
"C:/Users/AbhishekSagi/AppData/Local/UnrealEngine/Common/DerivedDataCache/1/1/9/TEXTURE_814DCC3DC72143F49509781513CB9855_DXT5_122003924E39A572EF68B5BAC8A94B51__6DF458595C57C973F1BAD9A085563EF014EFB23A.udd" 728
"C:/Users/AbhishekSagi/AppData/Local/UnrealEngine/Common/DerivedDataCache/2/4/7/TEXTURE_814DCC3DC72143F49509781513CB9855_DXT5_122003924E39A572EF68B5BAC8A94B51__15A87A045A02FB98AFA16108A8C72E9D365B1BBB.udd" 729
"C:/Users/AbhishekSagi/AppData/Local/UnrealEngine/Common/DerivedDataCache/4/7/1/TEXTURE_814DCC3DC72143F49509781513CB9855_DXT5_122003924E39A572EF68B5BAC8A94B51__EB038F11372158C6A21DF2C3F1BBBF60BC82F61C.udd" 730
"C:/Users/AbhishekSagi/AppData/Local/UnrealEngine/Common/DerivedDataCache/7/2/1/TEXTURE_814DCC3DC72143F49509781513CB9855_DXT5_122003924E39A572EF68B5BAC8A94B51__A6949FAE7A7C63D1B72BFE24B1EFA26A0CD6792E.udd" 731
"C:/Users/AbhishekSagi/AppData/Local/UnrealEngine/Common/DerivedDataCache/0/5/4/TEXTURE_814DCC3DC72143F49509781513CB9855_DXT5_122003924E39A572EF68B5BAC8A94B51__4FB9FD655323381104D65590D1F9A5B365308377.udd" 732
"C:/Users/AbhishekSagi/AppData/Local/UnrealEngine/Common/DerivedDataCache/5/5/4/PHYSX_1D9C17C451EA4FB88CB7A27536A65DB0_PHYSXPC_4EE14585411CD32C9F3602951ECD17FB__1_0_13123_0.udd" 733
"C:/Users/AbhishekSagi/AppData/Local/UnrealEngine/Common/DerivedDataCache/5/1/1/PHYSX_1D9C17C451EA4FB88CB7A27536A65DB0_PHYSXPC_D0D4EE2E4B0E15307C2CFFBDAC89CBF6__1_0_13123_0.udd" 734
"C:/Users/AbhishekSagi/AppData/Local/UnrealEngine/Common/DerivedDataCache/5/6/0/PHYSX_1D9C17C451EA4FB88CB7A27536A65DB0_PHYSXPC_78B0D43242CFB8D807B5E5975B768EB6__1_0_13123_0.udd" 735
"C:/Users/AbhishekSagi/AppData/Local/UnrealEngine/Common/DerivedDataCache/8/2/5/PHYSX_1D9C17C451EA4FB88CB7A27536A65DB0_PHYSXPC_52B921974101392B37678FB4928F12B8__1_0_13123_0.udd" 736
"../../../Engine/Content/EditorResources/EmptyActor.uasset" 737
"../../../Engine/Content/EditorResources/LightIcons/S_LightError.uasset" 738
"C:/Users/AbhishekSagi/AppData/Local/UnrealEngine/Common/DerivedDataCache/6/2/3/TEXTURE_814DCC3DC72143F49509781513CB9855_RGBA8_FA474D134DEF81485DE51EBC79C5110__643EA66F97B3F06A93788571ACCDBA5F3B6E37C0.udd" 739
"C:/Users/AbhishekSagi/AppData/Local/UnrealEngine/Common/DerivedDataCache/3/3/4/TEXTURE_814DCC3DC72143F49509781513CB9855_RGBA8_56BEDB7D4D934FA4B20DE6BE61E6E95__AEED2DDDC526B73326BA4D030B7CAC290B80777D.udd" 740
"C:/Users/AbhishekSagi/AppData/Local/UnrealEngine/Common/DerivedDataCache/1/3/7/TEXTURE_814DCC3DC72143F49509781513CB9855_RGBA8_56BEDB7D4D934FA4B20DE6BE61E6E95__995BCFF38ADE1C7EE0D95710EB026AD46F721635.udd" 741
"C:/Users/AbhishekSagi/AppData/Local/UnrealEngine/Common/DerivedDataCache/9/4/0/TEXTURE_814DCC3DC72143F49509781513CB9855_RGBA8_56BEDB7D4D934FA4B20DE6BE61E6E95__8E43F32B43A46FB4605A6C252E87DDC79058B64D.udd" 742
"C:/Users/AbhishekSagi/AppData/Local/UnrealEngine/Common/DerivedDataCache/4/0/2/TEXTURE_814DCC3DC72143F49509781513CB9855_RGBA8_9E839E0E4933277AAB67FB869C14F9A__E1326D11549374E6A0A651BDAD869E14462D6E33.udd" 743
"C:/Users/AbhishekSagi/AppData/Local/UnrealEngine/Common/DerivedDataCache/2/9/9/TEXTURE_814DCC3DC72143F49509781513CB9855_RGBA8_9E839E0E4933277AAB67FB869C14F9A__77E626D2EB9A1CAB7D4DBEF0C4FB47FB13BF84D7.udd" 744
"C:/Users/AbhishekSagi/AppData/Local/UnrealEngine/Common/DerivedDataCache/1/0/3/TEXTURE_814DCC3DC72143F49509781513CB9855_RGBA8_9E839E0E4933277AAB67FB869C14F9A__F5B95A72D2C8960B421E7E613FC206004C52D527.udd" 745
"../../../Engine/Content/MobileResources/HUD/MobileHUDButton1_off.uasset" 746
"C:/Users/AbhishekSagi/AppData/Local/UnrealEngine/Common/DerivedDataCache/6/2/1/TEXTURE_814DCC3DC72143F49509781513CB9855_AUTODXT_5FF2868842E6DED8A4C0CB8217190__C44A22A45D6E1E0CCC23391DA16ECB5C18F2849C.udd" 747
"../../../Engine/Content/MobileResources/HUD/AnalogHat.uasset" 748
"C:/Users/AbhishekSagi/AppData/Local/UnrealEngine/Common/DerivedDataCache/6/3/5/TEXTURE_814DCC3DC72143F49509781513CB9855_AUTODXT_2E1EE3B14D43A62B84881B8F5AAD2__BB99884E9A5449D24496CD2D2CB314E5330C09E0.udd" 749
"../../../Engine/Content/MobileResources/T_MobileControls_texture.uasset" 750
"C:/Users/AbhishekSagi/AppData/Local/UnrealEngine/Common/DerivedDataCache/0/2/8/TEXTURE_814DCC3DC72143F49509781513CB9855_AUTODXT_119D9D384F916FB5612DEB85B0124__7741C2B795775BFA3104662CBC48EFE5FD9B7782.udd" 751
"C:/Users/AbhishekSagi/AppData/Local/UnrealEngine/Common/DerivedDataCache/3/9/9/TEXTURE_814DCC3DC72143F49509781513CB9855_AUTODXT_119D9D384F916FB5612DEB85B0124__CE9E8C2753F09B87FABEC48764BCDF5C0418506D.udd" 752
"C:/Users/AbhishekSagi/AppData/Local/UnrealEngine/Common/DerivedDataCache/7/4/0/TEXTURE_814DCC3DC72143F49509781513CB9855_AUTODXT_119D9D384F916FB5612DEB85B0124__B6179C1D92F62425940B03B442B5BB2F36D1378A.udd" 753
"C:/Users/AbhishekSagi/AppData/Local/UnrealEngine/Common/DerivedDataCache/7/0/7/TEXTURE_814DCC3DC72143F49509781513CB9855_AUTODXT_119D9D384F916FB5612DEB85B0124__B5858B18ACEB8D7AEB6A29EACA75015ECEE0FAB6.udd" 754
"C:/Users/AbhishekSagi/AppData/Local/UnrealEngine/Common/DerivedDataCache/8/9/7/TEXTURE_814DCC3DC72143F49509781513CB9855_RGBA8_5AD27E2E4D31F76ACE639EB33D81384__464868EFF7538F982B119473C81A5916F965AC3D.udd" 755
"../../../../../../Work/My Projects/ProjectBristol/Paper2DDemo/Content/Textures/Background/T_Starfield_Sprite.uasset" 756
"../../../Engine/Content/MobileResources/HUD/T_Castle_ThumbstickInner.uasset" 757
"C:/Users/AbhishekSagi/AppData/Local/UnrealEngine/Common/DerivedDataCache/8/8/2/TEXTURE_814DCC3DC72143F49509781513CB9855_RGBA8_A4535AA24BB699361857049E2A844B2__392B86882A1FAA09C71BFBD25E66F43BF069C1AA.udd" 758
"../../../Engine/Content/MobileResources/HUD/MobileHUDDirectionPad3.uasset" 759
"C:/Users/AbhishekSagi/AppData/Local/UnrealEngine/Common/DerivedDataCache/5/6/4/TEXTURE_814DCC3DC72143F49509781513CB9855_AUTODXT_C9D41DBE4C754F8B430E7DBADCD48__12CC74A7FD084DC5C96ADD95B3C1B5D07F3EA75C.udd" 760
"C:/Users/AbhishekSagi/AppData/Local/UnrealEngine/Common/DerivedDataCache/8/0/4/TEXTURE_814DCC3DC72143F49509781513CB9855_AUTODXT_C9D41DBE4C754F8B430E7DBADCD48__449C61C38D35E6152D40F0C16F230ECC2E23BCF8.udd" 761
"C:/Users/AbhishekSagi/AppData/Local/UnrealEngine/Common/DerivedDataCache/5/7/3/TEXTURE_814DCC3DC72143F49509781513CB9855_AUTODXT_C9D41DBE4C754F8B430E7DBADCD48__B606B2F565A5A77F7F06349C41A955A7AAC7CE53.udd" 762
"../../../Engine/Content/MobileResources/T_MobileMenu2.uasset" 763
"C:/Users/AbhishekSagi/AppData/Local/UnrealEngine/Common/DerivedDataCache/1/5/9/TEXTURE_814DCC3DC72143F49509781513CB9855_AUTODXT_9F8FBEF84A1997E30FD384955E3D8__BD16FC101E1BD76B745E50F5F0797E81521ECE50.udd" 764
"C:/Users/AbhishekSagi/AppData/Local/UnrealEngine/Common/DerivedDataCache/2/5/9/TEXTURE_814DCC3DC72143F49509781513CB9855_AUTODXT_9F8FBEF84A1997E30FD384955E3D8__750E7BCF3B0A4D07B3E732ACF4661AE1B9FDC2C2.udd" 765
"C:/Users/AbhishekSagi/AppData/Local/UnrealEngine/Common/DerivedDataCache/5/0/7/TEXTURE_814DCC3DC72143F49509781513CB9855_AUTODXT_9F8FBEF84A1997E30FD384955E3D8__DC3244ED1DA22A9DFBF8BB794FFE6F9D436D1D74.udd" 766
"C:/Users/AbhishekSagi/AppData/Local/UnrealEngine/Common/DerivedDataCache/9/2/2/TEXTURE_814DCC3DC72143F49509781513CB9855_AUTODXT_9F8FBEF84A1997E30FD384955E3D8__0D4C4BDB3A0A12F9E8F8362AC007EA958A932054.udd" 767
"../../../Engine/Content/MobileResources/HUD/LeftVirtualJoystickOnly.uasset" 768
"C:/Users/AbhishekSagi/AppData/Local/UnrealEngine/Common/DerivedDataCache/5/7/7/TEXTURE_814DCC3DC72143F49509781513CB9855_RGBA8_DB30625F42994933954BAD922A583D4__A44C3BD4613DF046C32A62FAAB95A4D97969C06C.udd" 769
"../../../Engine/Content/MobileResources/HUD/MobileHUDButton3.uasset" 770
"C:/Users/AbhishekSagi/AppData/Local/UnrealEngine/Common/DerivedDataCache/5/6/6/TEXTURE_814DCC3DC72143F49509781513CB9855_AUTODXT_C49FDA8C4EFE04B87EBA5CB5A57D2__068B523AE52B2D61E14EDFB3764754121E26AA52.udd" 771
"../../../Engine/Content/MobileResources/HUD/MobileHUDDirectionPad2.uasset" 772
"C:/Users/AbhishekSagi/AppData/Local/UnrealEngine/Common/DerivedDataCache/1/5/9/TEXTURE_814DCC3DC72143F49509781513CB9855_AUTODXT_F562DDF94D8D885AE92078A9DD770__536E815204A7A55A1C3DC28912842A9998DC951D.udd" 773
"C:/Users/AbhishekSagi/AppData/Local/UnrealEngine/Common/DerivedDataCache/1/7/9/TEXTURE_814DCC3DC72143F49509781513CB9855_AUTODXT_F562DDF94D8D885AE92078A9DD770__A885F07B0952CD16CE13DADC3D75FAA72804CE9A.udd" 774
"C:/Users/AbhishekSagi/AppData/Local/UnrealEngine/Common/DerivedDataCache/5/5/2/TEXTURE_814DCC3DC72143F49509781513CB9855_AUTODXT_F562DDF94D8D885AE92078A9DD770__E711B9F5E3FE93BF616817FF2150AFFDB1723C2E.udd" 775
"../../../Engine/Content/MobileResources/HUD/MobileHUDDirectionPad.uasset" 776
"C:/Users/AbhishekSagi/AppData/Local/UnrealEngine/Common/DerivedDataCache/2/2/8/TEXTURE_814DCC3DC72143F49509781513CB9855_AUTODXT_3F3B1DD44FE006226A690596DBDDE__A8F0AA4345DA63B02C5E76E8CDD15A76D906C9DE.udd" 777
"C:/Users/AbhishekSagi/AppData/Local/UnrealEngine/Common/DerivedDataCache/0/0/7/TEXTURE_814DCC3DC72143F49509781513CB9855_AUTODXT_3F3B1DD44FE006226A690596DBDDE__124F7D8D2718E263E1691CDD9F88C4222659C194.udd" 778
"../../../Engine/Content/MobileResources/HUD/MobileHUDDirectionStick.uasset" 779
"C:/Users/AbhishekSagi/AppData/Local/UnrealEngine/Common/DerivedDataCache/3/8/0/TEXTURE_814DCC3DC72143F49509781513CB9855_AUTODXT_8EDAF7A54E378800FEB2178634331__D89B4B727EE1E1D9A987D925955029B933591292.udd" 780
"../../../Engine/Content/MobileResources/HUD/MobileHUDButton2_off.uasset" 781
"C:/Users/AbhishekSagi/AppData/Local/UnrealEngine/Common/DerivedDataCache/1/2/1/TEXTURE_814DCC3DC72143F49509781513CB9855_AUTODXT_D5542AFE4886708885DF42B1BE8F6__E8E1BDB0D057288DAED17D58CD776918028D2DCF.udd" 782
"C:/Users/AbhishekSagi/AppData/Local/UnrealEngine/Common/DerivedDataCache/5/2/4/TEXTURE_814DCC3DC72143F49509781513CB9855_AUTODXT_D5542AFE4886708885DF42B1BE8F6__E1EF18F9937084B0C07D23A905483B754F02B379.udd" 783
"../../../Engine/Content/MobileResources/HUD/MobileHUDButtonFire.uasset" 784
"C:/Users/AbhishekSagi/AppData/Local/UnrealEngine/Common/DerivedDataCache/5/1/6/TEXTURE_814DCC3DC72143F49509781513CB9855_AUTODXT_C200B7694C3FE53EBCE97592F5F41__DD39719A926D99A62CA71ADAF4DFF27A49AEF98C.udd" 785
"../../../Engine/Content/MobileResources/HUD/MobileHUDButton1_on.uasset" 786
"C:/Users/AbhishekSagi/AppData/Local/UnrealEngine/Common/DerivedDataCache/3/1/5/TEXTURE_814DCC3DC72143F49509781513CB9855_AUTODXT_7BBBF743419EE004ACC16E9959BCC__756112131578C37DFF9953878E2BB3763ED27608.udd" 787
"../../../../../../Work/My Projects/ProjectBristol/Paper2DDemo/Saved/Stats/2016.03.06-12.35.25Stats.csv" 788
"../../../Engine/Content/Editor/Templates/GameModule.Build.cs.template" 789
"../../../Engine/Content/Editor/Templates/PluginModule.h.template" 790
"../../../Engine/Content/Editor/Templates/PluginModule.cpp.template" 791
"..\..\..\Engine\Content\Internationalization\icudt53l\zoneinfo64.res" 792
"../../../../../../Work/My Projects/ProjectBristol/Paper2DDemo/Saved/Collections/PackagesRemovedFromChunk0.collection" 793
